<?xml version="1.0" encoding="UTF-8"?>
<!-- Generated by org.testng.reporters.JUnitReportReporter -->
<testsuite hostname="DIGITAL-0129" failures="0" tests="6" name="RunClass.Execution" time="0.484" errors="6" timestamp="06 Sep 2022 11:20:07 GMT" skipped="0">
  <testcase classname="RunClass.Execution" name="testcase" time="0.055">
    <error message="no such element: Unable to locate element: {&quot;method&quot;:&quot;xpath&quot;,&quot;selector&quot;:&quot;//label[@for=&#039;TWMobile&#039;]&quot;}
  (Session info: chrome=104.0.5112.102)
For documentation on this error, please visit: http://seleniumhq.org/exceptions/no_such_element.html
Build info: version: &#039;3.5.3&#039;, revision: &#039;a88d25fe6b&#039;, time: &#039;2017-08-29T12:42:44.417Z&#039;
System info: host: &#039;DIGITAL-0129&#039;, ip: &#039;172.23.4.254&#039;, os.name: &#039;Windows 10&#039;, os.arch: &#039;amd64&#039;, os.version: &#039;10.0&#039;, java.version: &#039;17.0.3&#039;
Driver info: org.openqa.selenium.chrome.ChromeDriver
Capabilities [{networkConnectionEnabled=false, chrome={chromedriverVersion=104.0.5112.79 (3cf3e8c8a07d104b9e1260c910efb8f383285dc5-refs/branch-heads/5112@{#1307}), userDataDir=C:\Users\v802\AppData\Local\Temp\scoped_dir12904_920044719}, timeouts={implicit=0, pageLoad=300000, script=30000}, pageLoadStrategy=normal, unhandledPromptBehavior=dismiss and notify, strictFileInteractability=false, platform=XP, proxy=Proxy(), goog:chromeOptions={debuggerAddress=localhost:52795}, webauthn:extension:credBlob=true, acceptInsecureCerts=false, browserVersion=104.0.5112.102, browserName=chrome, javascriptEnabled=true, platformName=XP, setWindowRect=true, webauthn:extension:largeBlob=true, webauthn:virtualAuthenticators=true}]
Session ID: eb49bb0bc0724cb71e10035263cb12d6
*** Element info: {Using=xpath, value=//label[@for=&#039;TWMobile&#039;]}" type="org.openqa.selenium.NoSuchElementException">
      <![CDATA[org.openqa.selenium.NoSuchElementException: no such element: Unable to locate element: {"method":"xpath","selector":"//label[@for='TWMobile']"}
  (Session info: chrome=104.0.5112.102)
For documentation on this error, please visit: http://seleniumhq.org/exceptions/no_such_element.html
Build info: version: '3.5.3', revision: 'a88d25fe6b', time: '2017-08-29T12:42:44.417Z'
System info: host: 'DIGITAL-0129', ip: '172.23.4.254', os.name: 'Windows 10', os.arch: 'amd64', os.version: '10.0', java.version: '17.0.3'
Driver info: org.openqa.selenium.chrome.ChromeDriver
Capabilities [{networkConnectionEnabled=false, chrome={chromedriverVersion=104.0.5112.79 (3cf3e8c8a07d104b9e1260c910efb8f383285dc5-refs/branch-heads/5112@{#1307}), userDataDir=C:\Users\v802\AppData\Local\Temp\scoped_dir12904_920044719}, timeouts={implicit=0, pageLoad=300000, script=30000}, pageLoadStrategy=normal, unhandledPromptBehavior=dismiss and notify, strictFileInteractability=false, platform=XP, proxy=Proxy(), goog:chromeOptions={debuggerAddress=localhost:52795}, webauthn:extension:credBlob=true, acceptInsecureCerts=false, browserVersion=104.0.5112.102, browserName=chrome, javascriptEnabled=true, platformName=XP, setWindowRect=true, webauthn:extension:largeBlob=true, webauthn:virtualAuthenticators=true}]
Session ID: eb49bb0bc0724cb71e10035263cb12d6
*** Element info: {Using=xpath, value=//label[@for='TWMobile']}
at java.base/jdk.internal.reflect.NativeConstructorAccessorImpl.newInstance0(Native Method)
at java.base/jdk.internal.reflect.NativeConstructorAccessorImpl.newInstance(NativeConstructorAccessorImpl.java:77)
at java.base/jdk.internal.reflect.DelegatingConstructorAccessorImpl.newInstance(DelegatingConstructorAccessorImpl.java:45)
at java.base/java.lang.reflect.Constructor.newInstanceWithCaller(Constructor.java:499)
at java.base/java.lang.reflect.Constructor.newInstance(Constructor.java:480)
at org.openqa.selenium.remote.http.W3CHttpResponseCodec.createException(W3CHttpResponseCodec.java:185)
at org.openqa.selenium.remote.http.W3CHttpResponseCodec.decode(W3CHttpResponseCodec.java:120)
at org.openqa.selenium.remote.http.W3CHttpResponseCodec.decode(W3CHttpResponseCodec.java:49)
at org.openqa.selenium.remote.HttpCommandExecutor.execute(HttpCommandExecutor.java:164)
at org.openqa.selenium.remote.service.DriverCommandExecutor.execute(DriverCommandExecutor.java:82)
at org.openqa.selenium.remote.RemoteWebDriver.execute(RemoteWebDriver.java:646)
at org.openqa.selenium.remote.RemoteWebDriver.findElement(RemoteWebDriver.java:416)
at org.openqa.selenium.remote.RemoteWebDriver.findElementByXPath(RemoteWebDriver.java:518)
at org.openqa.selenium.By$ByXPath.findElement(By.java:361)
at org.openqa.selenium.remote.RemoteWebDriver.findElement(RemoteWebDriver.java:408)
at RunClass.Execution.testcase(Execution.java:43)
at java.base/jdk.internal.reflect.NativeMethodAccessorImpl.invoke0(Native Method)
at java.base/jdk.internal.reflect.NativeMethodAccessorImpl.invoke(NativeMethodAccessorImpl.java:77)
at java.base/jdk.internal.reflect.DelegatingMethodAccessorImpl.invoke(DelegatingMethodAccessorImpl.java:43)
at java.base/java.lang.reflect.Method.invoke(Method.java:568)
at org.testng.internal.MethodInvocationHelper.invokeMethod(MethodInvocationHelper.java:124)
at org.testng.internal.Invoker.invokeMethod(Invoker.java:583)
at org.testng.internal.Invoker.invokeTestMethod(Invoker.java:719)
at org.testng.internal.Invoker.invokeTestMethods(Invoker.java:989)
at org.testng.internal.TestMethodWorker.invokeTestMethods(TestMethodWorker.java:125)
at org.testng.internal.TestMethodWorker.run(TestMethodWorker.java:109)
at org.testng.TestRunner.privateRun(TestRunner.java:648)
at org.testng.TestRunner.run(TestRunner.java:505)
at org.testng.SuiteRunner.runTest(SuiteRunner.java:455)
at org.testng.SuiteRunner.runSequentially(SuiteRunner.java:450)
at org.testng.SuiteRunner.privateRun(SuiteRunner.java:415)
at org.testng.SuiteRunner.run(SuiteRunner.java:364)
at org.testng.SuiteRunnerWorker.runSuite(SuiteRunnerWorker.java:52)
at org.testng.SuiteRunnerWorker.run(SuiteRunnerWorker.java:84)
at org.testng.TestNG.runSuitesSequentially(TestNG.java:1208)
at org.testng.TestNG.runSuitesLocally(TestNG.java:1137)
at org.testng.TestNG.runSuites(TestNG.java:1049)
at org.testng.TestNG.run(TestNG.java:1017)
at org.testng.remote.AbstractRemoteTestNG.run(AbstractRemoteTestNG.java:115)
at org.testng.remote.RemoteTestNG.initAndRun(RemoteTestNG.java:251)
at org.testng.remote.RemoteTestNG.main(RemoteTestNG.java:77)
]]>
    </error>
  </testcase> <!-- testcase -->
  <testcase classname="RunClass.Execution" name="testcase" time="0.053">
    <error message="no such element: Unable to locate element: {&quot;method&quot;:&quot;xpath&quot;,&quot;selector&quot;:&quot;//label[@for=&#039;TWMobile&#039;]&quot;}
  (Session info: chrome=104.0.5112.102)
For documentation on this error, please visit: http://seleniumhq.org/exceptions/no_such_element.html
Build info: version: &#039;3.5.3&#039;, revision: &#039;a88d25fe6b&#039;, time: &#039;2017-08-29T12:42:44.417Z&#039;
System info: host: &#039;DIGITAL-0129&#039;, ip: &#039;172.23.4.254&#039;, os.name: &#039;Windows 10&#039;, os.arch: &#039;amd64&#039;, os.version: &#039;10.0&#039;, java.version: &#039;17.0.3&#039;
Driver info: org.openqa.selenium.chrome.ChromeDriver
Capabilities [{networkConnectionEnabled=false, chrome={chromedriverVersion=104.0.5112.79 (3cf3e8c8a07d104b9e1260c910efb8f383285dc5-refs/branch-heads/5112@{#1307}), userDataDir=C:\Users\v802\AppData\Local\Temp\scoped_dir12904_920044719}, timeouts={implicit=0, pageLoad=300000, script=30000}, pageLoadStrategy=normal, unhandledPromptBehavior=dismiss and notify, strictFileInteractability=false, platform=XP, proxy=Proxy(), goog:chromeOptions={debuggerAddress=localhost:52795}, webauthn:extension:credBlob=true, acceptInsecureCerts=false, browserVersion=104.0.5112.102, browserName=chrome, javascriptEnabled=true, platformName=XP, setWindowRect=true, webauthn:extension:largeBlob=true, webauthn:virtualAuthenticators=true}]
Session ID: eb49bb0bc0724cb71e10035263cb12d6
*** Element info: {Using=xpath, value=//label[@for=&#039;TWMobile&#039;]}" type="org.openqa.selenium.NoSuchElementException">
      <![CDATA[org.openqa.selenium.NoSuchElementException: no such element: Unable to locate element: {"method":"xpath","selector":"//label[@for='TWMobile']"}
  (Session info: chrome=104.0.5112.102)
For documentation on this error, please visit: http://seleniumhq.org/exceptions/no_such_element.html
Build info: version: '3.5.3', revision: 'a88d25fe6b', time: '2017-08-29T12:42:44.417Z'
System info: host: 'DIGITAL-0129', ip: '172.23.4.254', os.name: 'Windows 10', os.arch: 'amd64', os.version: '10.0', java.version: '17.0.3'
Driver info: org.openqa.selenium.chrome.ChromeDriver
Capabilities [{networkConnectionEnabled=false, chrome={chromedriverVersion=104.0.5112.79 (3cf3e8c8a07d104b9e1260c910efb8f383285dc5-refs/branch-heads/5112@{#1307}), userDataDir=C:\Users\v802\AppData\Local\Temp\scoped_dir12904_920044719}, timeouts={implicit=0, pageLoad=300000, script=30000}, pageLoadStrategy=normal, unhandledPromptBehavior=dismiss and notify, strictFileInteractability=false, platform=XP, proxy=Proxy(), goog:chromeOptions={debuggerAddress=localhost:52795}, webauthn:extension:credBlob=true, acceptInsecureCerts=false, browserVersion=104.0.5112.102, browserName=chrome, javascriptEnabled=true, platformName=XP, setWindowRect=true, webauthn:extension:largeBlob=true, webauthn:virtualAuthenticators=true}]
Session ID: eb49bb0bc0724cb71e10035263cb12d6
*** Element info: {Using=xpath, value=//label[@for='TWMobile']}
at java.base/jdk.internal.reflect.NativeConstructorAccessorImpl.newInstance0(Native Method)
at java.base/jdk.internal.reflect.NativeConstructorAccessorImpl.newInstance(NativeConstructorAccessorImpl.java:77)
at java.base/jdk.internal.reflect.DelegatingConstructorAccessorImpl.newInstance(DelegatingConstructorAccessorImpl.java:45)
at java.base/java.lang.reflect.Constructor.newInstanceWithCaller(Constructor.java:499)
at java.base/java.lang.reflect.Constructor.newInstance(Constructor.java:480)
at org.openqa.selenium.remote.http.W3CHttpResponseCodec.createException(W3CHttpResponseCodec.java:185)
at org.openqa.selenium.remote.http.W3CHttpResponseCodec.decode(W3CHttpResponseCodec.java:120)
at org.openqa.selenium.remote.http.W3CHttpResponseCodec.decode(W3CHttpResponseCodec.java:49)
at org.openqa.selenium.remote.HttpCommandExecutor.execute(HttpCommandExecutor.java:164)
at org.openqa.selenium.remote.service.DriverCommandExecutor.execute(DriverCommandExecutor.java:82)
at org.openqa.selenium.remote.RemoteWebDriver.execute(RemoteWebDriver.java:646)
at org.openqa.selenium.remote.RemoteWebDriver.findElement(RemoteWebDriver.java:416)
at org.openqa.selenium.remote.RemoteWebDriver.findElementByXPath(RemoteWebDriver.java:518)
at org.openqa.selenium.By$ByXPath.findElement(By.java:361)
at org.openqa.selenium.remote.RemoteWebDriver.findElement(RemoteWebDriver.java:408)
at RunClass.Execution.testcase(Execution.java:43)
at java.base/jdk.internal.reflect.NativeMethodAccessorImpl.invoke0(Native Method)
at java.base/jdk.internal.reflect.NativeMethodAccessorImpl.invoke(NativeMethodAccessorImpl.java:77)
at java.base/jdk.internal.reflect.DelegatingMethodAccessorImpl.invoke(DelegatingMethodAccessorImpl.java:43)
at java.base/java.lang.reflect.Method.invoke(Method.java:568)
at org.testng.internal.MethodInvocationHelper.invokeMethod(MethodInvocationHelper.java:124)
at org.testng.internal.Invoker.invokeMethod(Invoker.java:583)
at org.testng.internal.Invoker.invokeTestMethod(Invoker.java:719)
at org.testng.internal.Invoker.invokeTestMethods(Invoker.java:989)
at org.testng.internal.TestMethodWorker.invokeTestMethods(TestMethodWorker.java:125)
at org.testng.internal.TestMethodWorker.run(TestMethodWorker.java:109)
at org.testng.TestRunner.privateRun(TestRunner.java:648)
at org.testng.TestRunner.run(TestRunner.java:505)
at org.testng.SuiteRunner.runTest(SuiteRunner.java:455)
at org.testng.SuiteRunner.runSequentially(SuiteRunner.java:450)
at org.testng.SuiteRunner.privateRun(SuiteRunner.java:415)
at org.testng.SuiteRunner.run(SuiteRunner.java:364)
at org.testng.SuiteRunnerWorker.runSuite(SuiteRunnerWorker.java:52)
at org.testng.SuiteRunnerWorker.run(SuiteRunnerWorker.java:84)
at org.testng.TestNG.runSuitesSequentially(TestNG.java:1208)
at org.testng.TestNG.runSuitesLocally(TestNG.java:1137)
at org.testng.TestNG.runSuites(TestNG.java:1049)
at org.testng.TestNG.run(TestNG.java:1017)
at org.testng.remote.AbstractRemoteTestNG.run(AbstractRemoteTestNG.java:115)
at org.testng.remote.RemoteTestNG.initAndRun(RemoteTestNG.java:251)
at org.testng.remote.RemoteTestNG.main(RemoteTestNG.java:77)
]]>
    </error>
  </testcase> <!-- testcase -->
  <testcase classname="RunClass.Execution" name="closeBrowser" time="0.033">
    <error type="java.lang.StackOverflowError">
      <![CDATA[java.lang.StackOverflowError
at RunClass.Execution.closeBrowser(Execution.java:192)
at RunClass.Execution.closeBrowser(Execution.java:192)
at RunClass.Execution.closeBrowser(Execution.java:192)
at RunClass.Execution.closeBrowser(Execution.java:192)
at RunClass.Execution.closeBrowser(Execution.java:192)
at RunClass.Execution.closeBrowser(Execution.java:192)
at RunClass.Execution.closeBrowser(Execution.java:192)
at RunClass.Execution.closeBrowser(Execution.java:192)
at RunClass.Execution.closeBrowser(Execution.java:192)
at RunClass.Execution.closeBrowser(Execution.java:192)
at RunClass.Execution.closeBrowser(Execution.java:192)
at RunClass.Execution.closeBrowser(Execution.java:192)
at RunClass.Execution.closeBrowser(Execution.java:192)
at RunClass.Execution.closeBrowser(Execution.java:192)
at RunClass.Execution.closeBrowser(Execution.java:192)
at RunClass.Execution.closeBrowser(Execution.java:192)
at RunClass.Execution.closeBrowser(Execution.java:192)
at RunClass.Execution.closeBrowser(Execution.java:192)
at RunClass.Execution.closeBrowser(Execution.java:192)
at RunClass.Execution.closeBrowser(Execution.java:192)
at RunClass.Execution.closeBrowser(Execution.java:192)
at RunClass.Execution.closeBrowser(Execution.java:192)
at RunClass.Execution.closeBrowser(Execution.java:192)
at RunClass.Execution.closeBrowser(Execution.java:192)
at RunClass.Execution.closeBrowser(Execution.java:192)
at RunClass.Execution.closeBrowser(Execution.java:192)
at RunClass.Execution.closeBrowser(Execution.java:192)
at RunClass.Execution.closeBrowser(Execution.java:192)
at RunClass.Execution.closeBrowser(Execution.java:192)
at RunClass.Execution.closeBrowser(Execution.java:192)
at RunClass.Execution.closeBrowser(Execution.java:192)
at RunClass.Execution.closeBrowser(Execution.java:192)
at RunClass.Execution.closeBrowser(Execution.java:192)
at RunClass.Execution.closeBrowser(Execution.java:192)
at RunClass.Execution.closeBrowser(Execution.java:192)
at RunClass.Execution.closeBrowser(Execution.java:192)
at RunClass.Execution.closeBrowser(Execution.java:192)
at RunClass.Execution.closeBrowser(Execution.java:192)
at RunClass.Execution.closeBrowser(Execution.java:192)
at RunClass.Execution.closeBrowser(Execution.java:192)
at RunClass.Execution.closeBrowser(Execution.java:192)
at RunClass.Execution.closeBrowser(Execution.java:192)
at RunClass.Execution.closeBrowser(Execution.java:192)
at RunClass.Execution.closeBrowser(Execution.java:192)
at RunClass.Execution.closeBrowser(Execution.java:192)
at RunClass.Execution.closeBrowser(Execution.java:192)
at RunClass.Execution.closeBrowser(Execution.java:192)
at RunClass.Execution.closeBrowser(Execution.java:192)
at RunClass.Execution.closeBrowser(Execution.java:192)
at RunClass.Execution.closeBrowser(Execution.java:192)
at RunClass.Execution.closeBrowser(Execution.java:192)
at RunClass.Execution.closeBrowser(Execution.java:192)
at RunClass.Execution.closeBrowser(Execution.java:192)
at RunClass.Execution.closeBrowser(Execution.java:192)
at RunClass.Execution.closeBrowser(Execution.java:192)
at RunClass.Execution.closeBrowser(Execution.java:192)
at RunClass.Execution.closeBrowser(Execution.java:192)
at RunClass.Execution.closeBrowser(Execution.java:192)
at RunClass.Execution.closeBrowser(Execution.java:192)
at RunClass.Execution.closeBrowser(Execution.java:192)
at RunClass.Execution.closeBrowser(Execution.java:192)
at RunClass.Execution.closeBrowser(Execution.java:192)
at RunClass.Execution.closeBrowser(Execution.java:192)
at RunClass.Execution.closeBrowser(Execution.java:192)
at RunClass.Execution.closeBrowser(Execution.java:192)
at RunClass.Execution.closeBrowser(Execution.java:192)
at RunClass.Execution.closeBrowser(Execution.java:192)
at RunClass.Execution.closeBrowser(Execution.java:192)
at RunClass.Execution.closeBrowser(Execution.java:192)
at RunClass.Execution.closeBrowser(Execution.java:192)
at RunClass.Execution.closeBrowser(Execution.java:192)
at RunClass.Execution.closeBrowser(Execution.java:192)
at RunClass.Execution.closeBrowser(Execution.java:192)
at RunClass.Execution.closeBrowser(Execution.java:192)
at RunClass.Execution.closeBrowser(Execution.java:192)
at RunClass.Execution.closeBrowser(Execution.java:192)
at RunClass.Execution.closeBrowser(Execution.java:192)
at RunClass.Execution.closeBrowser(Execution.java:192)
at RunClass.Execution.closeBrowser(Execution.java:192)
at RunClass.Execution.closeBrowser(Execution.java:192)
at RunClass.Execution.closeBrowser(Execution.java:192)
at RunClass.Execution.closeBrowser(Execution.java:192)
at RunClass.Execution.closeBrowser(Execution.java:192)
at RunClass.Execution.closeBrowser(Execution.java:192)
at RunClass.Execution.closeBrowser(Execution.java:192)
at RunClass.Execution.closeBrowser(Execution.java:192)
at RunClass.Execution.closeBrowser(Execution.java:192)
at RunClass.Execution.closeBrowser(Execution.java:192)
at RunClass.Execution.closeBrowser(Execution.java:192)
at RunClass.Execution.closeBrowser(Execution.java:192)
at RunClass.Execution.closeBrowser(Execution.java:192)
at RunClass.Execution.closeBrowser(Execution.java:192)
at RunClass.Execution.closeBrowser(Execution.java:192)
at RunClass.Execution.closeBrowser(Execution.java:192)
at RunClass.Execution.closeBrowser(Execution.java:192)
at RunClass.Execution.closeBrowser(Execution.java:192)
at RunClass.Execution.closeBrowser(Execution.java:192)
at RunClass.Execution.closeBrowser(Execution.java:192)
at RunClass.Execution.closeBrowser(Execution.java:192)
at RunClass.Execution.closeBrowser(Execution.java:192)
at RunClass.Execution.closeBrowser(Execution.java:192)
at RunClass.Execution.closeBrowser(Execution.java:192)
at RunClass.Execution.closeBrowser(Execution.java:192)
at RunClass.Execution.closeBrowser(Execution.java:192)
at RunClass.Execution.closeBrowser(Execution.java:192)
at RunClass.Execution.closeBrowser(Execution.java:192)
at RunClass.Execution.closeBrowser(Execution.java:192)
at RunClass.Execution.closeBrowser(Execution.java:192)
at RunClass.Execution.closeBrowser(Execution.java:192)
at RunClass.Execution.closeBrowser(Execution.java:192)
at RunClass.Execution.closeBrowser(Execution.java:192)
at RunClass.Execution.closeBrowser(Execution.java:192)
at RunClass.Execution.closeBrowser(Execution.java:192)
at RunClass.Execution.closeBrowser(Execution.java:192)
at RunClass.Execution.closeBrowser(Execution.java:192)
at RunClass.Execution.closeBrowser(Execution.java:192)
at RunClass.Execution.closeBrowser(Execution.java:192)
at RunClass.Execution.closeBrowser(Execution.java:192)
at RunClass.Execution.closeBrowser(Execution.java:192)
at RunClass.Execution.closeBrowser(Execution.java:192)
at RunClass.Execution.closeBrowser(Execution.java:192)
at RunClass.Execution.closeBrowser(Execution.java:192)
at RunClass.Execution.closeBrowser(Execution.java:192)
at RunClass.Execution.closeBrowser(Execution.java:192)
at RunClass.Execution.closeBrowser(Execution.java:192)
at RunClass.Execution.closeBrowser(Execution.java:192)
at RunClass.Execution.closeBrowser(Execution.java:192)
at RunClass.Execution.closeBrowser(Execution.java:192)
at RunClass.Execution.closeBrowser(Execution.java:192)
at RunClass.Execution.closeBrowser(Execution.java:192)
at RunClass.Execution.closeBrowser(Execution.java:192)
at RunClass.Execution.closeBrowser(Execution.java:192)
at RunClass.Execution.closeBrowser(Execution.java:192)
at RunClass.Execution.closeBrowser(Execution.java:192)
at RunClass.Execution.closeBrowser(Execution.java:192)
at RunClass.Execution.closeBrowser(Execution.java:192)
at RunClass.Execution.closeBrowser(Execution.java:192)
at RunClass.Execution.closeBrowser(Execution.java:192)
at RunClass.Execution.closeBrowser(Execution.java:192)
at RunClass.Execution.closeBrowser(Execution.java:192)
at RunClass.Execution.closeBrowser(Execution.java:192)
at RunClass.Execution.closeBrowser(Execution.java:192)
at RunClass.Execution.closeBrowser(Execution.java:192)
at RunClass.Execution.closeBrowser(Execution.java:192)
at RunClass.Execution.closeBrowser(Execution.java:192)
at RunClass.Execution.closeBrowser(Execution.java:192)
at RunClass.Execution.closeBrowser(Execution.java:192)
at RunClass.Execution.closeBrowser(Execution.java:192)
at RunClass.Execution.closeBrowser(Execution.java:192)
at RunClass.Execution.closeBrowser(Execution.java:192)
at RunClass.Execution.closeBrowser(Execution.java:192)
at RunClass.Execution.closeBrowser(Execution.java:192)
at RunClass.Execution.closeBrowser(Execution.java:192)
at RunClass.Execution.closeBrowser(Execution.java:192)
at RunClass.Execution.closeBrowser(Execution.java:192)
at RunClass.Execution.closeBrowser(Execution.java:192)
at RunClass.Execution.closeBrowser(Execution.java:192)
at RunClass.Execution.closeBrowser(Execution.java:192)
at RunClass.Execution.closeBrowser(Execution.java:192)
at RunClass.Execution.closeBrowser(Execution.java:192)
at RunClass.Execution.closeBrowser(Execution.java:192)
at RunClass.Execution.closeBrowser(Execution.java:192)
at RunClass.Execution.closeBrowser(Execution.java:192)
at RunClass.Execution.closeBrowser(Execution.java:192)
at RunClass.Execution.closeBrowser(Execution.java:192)
at RunClass.Execution.closeBrowser(Execution.java:192)
at RunClass.Execution.closeBrowser(Execution.java:192)
at RunClass.Execution.closeBrowser(Execution.java:192)
at RunClass.Execution.closeBrowser(Execution.java:192)
at RunClass.Execution.closeBrowser(Execution.java:192)
at RunClass.Execution.closeBrowser(Execution.java:192)
at RunClass.Execution.closeBrowser(Execution.java:192)
at RunClass.Execution.closeBrowser(Execution.java:192)
at RunClass.Execution.closeBrowser(Execution.java:192)
at RunClass.Execution.closeBrowser(Execution.java:192)
at RunClass.Execution.closeBrowser(Execution.java:192)
at RunClass.Execution.closeBrowser(Execution.java:192)
at RunClass.Execution.closeBrowser(Execution.java:192)
at RunClass.Execution.closeBrowser(Execution.java:192)
at RunClass.Execution.closeBrowser(Execution.java:192)
at RunClass.Execution.closeBrowser(Execution.java:192)
at RunClass.Execution.closeBrowser(Execution.java:192)
at RunClass.Execution.closeBrowser(Execution.java:192)
at RunClass.Execution.closeBrowser(Execution.java:192)
at RunClass.Execution.closeBrowser(Execution.java:192)
at RunClass.Execution.closeBrowser(Execution.java:192)
at RunClass.Execution.closeBrowser(Execution.java:192)
at RunClass.Execution.closeBrowser(Execution.java:192)
at RunClass.Execution.closeBrowser(Execution.java:192)
at RunClass.Execution.closeBrowser(Execution.java:192)
at RunClass.Execution.closeBrowser(Execution.java:192)
at RunClass.Execution.closeBrowser(Execution.java:192)
at RunClass.Execution.closeBrowser(Execution.java:192)
at RunClass.Execution.closeBrowser(Execution.java:192)
at RunClass.Execution.closeBrowser(Execution.java:192)
at RunClass.Execution.closeBrowser(Execution.java:192)
at RunClass.Execution.closeBrowser(Execution.java:192)
at RunClass.Execution.closeBrowser(Execution.java:192)
at RunClass.Execution.closeBrowser(Execution.java:192)
at RunClass.Execution.closeBrowser(Execution.java:192)
at RunClass.Execution.closeBrowser(Execution.java:192)
at RunClass.Execution.closeBrowser(Execution.java:192)
at RunClass.Execution.closeBrowser(Execution.java:192)
at RunClass.Execution.closeBrowser(Execution.java:192)
at RunClass.Execution.closeBrowser(Execution.java:192)
at RunClass.Execution.closeBrowser(Execution.java:192)
at RunClass.Execution.closeBrowser(Execution.java:192)
at RunClass.Execution.closeBrowser(Execution.java:192)
at RunClass.Execution.closeBrowser(Execution.java:192)
at RunClass.Execution.closeBrowser(Execution.java:192)
at RunClass.Execution.closeBrowser(Execution.java:192)
at RunClass.Execution.closeBrowser(Execution.java:192)
at RunClass.Execution.closeBrowser(Execution.java:192)
at RunClass.Execution.closeBrowser(Execution.java:192)
at RunClass.Execution.closeBrowser(Execution.java:192)
at RunClass.Execution.closeBrowser(Execution.java:192)
at RunClass.Execution.closeBrowser(Execution.java:192)
at RunClass.Execution.closeBrowser(Execution.java:192)
at RunClass.Execution.closeBrowser(Execution.java:192)
at RunClass.Execution.closeBrowser(Execution.java:192)
at RunClass.Execution.closeBrowser(Execution.java:192)
at RunClass.Execution.closeBrowser(Execution.java:192)
at RunClass.Execution.closeBrowser(Execution.java:192)
at RunClass.Execution.closeBrowser(Execution.java:192)
at RunClass.Execution.closeBrowser(Execution.java:192)
at RunClass.Execution.closeBrowser(Execution.java:192)
at RunClass.Execution.closeBrowser(Execution.java:192)
at RunClass.Execution.closeBrowser(Execution.java:192)
at RunClass.Execution.closeBrowser(Execution.java:192)
at RunClass.Execution.closeBrowser(Execution.java:192)
at RunClass.Execution.closeBrowser(Execution.java:192)
at RunClass.Execution.closeBrowser(Execution.java:192)
at RunClass.Execution.closeBrowser(Execution.java:192)
at RunClass.Execution.closeBrowser(Execution.java:192)
at RunClass.Execution.closeBrowser(Execution.java:192)
at RunClass.Execution.closeBrowser(Execution.java:192)
at RunClass.Execution.closeBrowser(Execution.java:192)
at RunClass.Execution.closeBrowser(Execution.java:192)
at RunClass.Execution.closeBrowser(Execution.java:192)
at RunClass.Execution.closeBrowser(Execution.java:192)
at RunClass.Execution.closeBrowser(Execution.java:192)
at RunClass.Execution.closeBrowser(Execution.java:192)
at RunClass.Execution.closeBrowser(Execution.java:192)
at RunClass.Execution.closeBrowser(Execution.java:192)
at RunClass.Execution.closeBrowser(Execution.java:192)
at RunClass.Execution.closeBrowser(Execution.java:192)
at RunClass.Execution.closeBrowser(Execution.java:192)
at RunClass.Execution.closeBrowser(Execution.java:192)
at RunClass.Execution.closeBrowser(Execution.java:192)
at RunClass.Execution.closeBrowser(Execution.java:192)
at RunClass.Execution.closeBrowser(Execution.java:192)
at RunClass.Execution.closeBrowser(Execution.java:192)
at RunClass.Execution.closeBrowser(Execution.java:192)
at RunClass.Execution.closeBrowser(Execution.java:192)
at RunClass.Execution.closeBrowser(Execution.java:192)
at RunClass.Execution.closeBrowser(Execution.java:192)
at RunClass.Execution.closeBrowser(Execution.java:192)
at RunClass.Execution.closeBrowser(Execution.java:192)
at RunClass.Execution.closeBrowser(Execution.java:192)
at RunClass.Execution.closeBrowser(Execution.java:192)
at RunClass.Execution.closeBrowser(Execution.java:192)
at RunClass.Execution.closeBrowser(Execution.java:192)
at RunClass.Execution.closeBrowser(Execution.java:192)
at RunClass.Execution.closeBrowser(Execution.java:192)
at RunClass.Execution.closeBrowser(Execution.java:192)
at RunClass.Execution.closeBrowser(Execution.java:192)
at RunClass.Execution.closeBrowser(Execution.java:192)
at RunClass.Execution.closeBrowser(Execution.java:192)
at RunClass.Execution.closeBrowser(Execution.java:192)
at RunClass.Execution.closeBrowser(Execution.java:192)
at RunClass.Execution.closeBrowser(Execution.java:192)
at RunClass.Execution.closeBrowser(Execution.java:192)
at RunClass.Execution.closeBrowser(Execution.java:192)
at RunClass.Execution.closeBrowser(Execution.java:192)
at RunClass.Execution.closeBrowser(Execution.java:192)
at RunClass.Execution.closeBrowser(Execution.java:192)
at RunClass.Execution.closeBrowser(Execution.java:192)
at RunClass.Execution.closeBrowser(Execution.java:192)
at RunClass.Execution.closeBrowser(Execution.java:192)
at RunClass.Execution.closeBrowser(Execution.java:192)
at RunClass.Execution.closeBrowser(Execution.java:192)
at RunClass.Execution.closeBrowser(Execution.java:192)
at RunClass.Execution.closeBrowser(Execution.java:192)
at RunClass.Execution.closeBrowser(Execution.java:192)
at RunClass.Execution.closeBrowser(Execution.java:192)
at RunClass.Execution.closeBrowser(Execution.java:192)
at RunClass.Execution.closeBrowser(Execution.java:192)
at RunClass.Execution.closeBrowser(Execution.java:192)
at RunClass.Execution.closeBrowser(Execution.java:192)
at RunClass.Execution.closeBrowser(Execution.java:192)
at RunClass.Execution.closeBrowser(Execution.java:192)
at RunClass.Execution.closeBrowser(Execution.java:192)
at RunClass.Execution.closeBrowser(Execution.java:192)
at RunClass.Execution.closeBrowser(Execution.java:192)
at RunClass.Execution.closeBrowser(Execution.java:192)
at RunClass.Execution.closeBrowser(Execution.java:192)
at RunClass.Execution.closeBrowser(Execution.java:192)
at RunClass.Execution.closeBrowser(Execution.java:192)
at RunClass.Execution.closeBrowser(Execution.java:192)
at RunClass.Execution.closeBrowser(Execution.java:192)
at RunClass.Execution.closeBrowser(Execution.java:192)
at RunClass.Execution.closeBrowser(Execution.java:192)
at RunClass.Execution.closeBrowser(Execution.java:192)
at RunClass.Execution.closeBrowser(Execution.java:192)
at RunClass.Execution.closeBrowser(Execution.java:192)
at RunClass.Execution.closeBrowser(Execution.java:192)
at RunClass.Execution.closeBrowser(Execution.java:192)
at RunClass.Execution.closeBrowser(Execution.java:192)
at RunClass.Execution.closeBrowser(Execution.java:192)
at RunClass.Execution.closeBrowser(Execution.java:192)
at RunClass.Execution.closeBrowser(Execution.java:192)
at RunClass.Execution.closeBrowser(Execution.java:192)
at RunClass.Execution.closeBrowser(Execution.java:192)
at RunClass.Execution.closeBrowser(Execution.java:192)
at RunClass.Execution.closeBrowser(Execution.java:192)
at RunClass.Execution.closeBrowser(Execution.java:192)
at RunClass.Execution.closeBrowser(Execution.java:192)
at RunClass.Execution.closeBrowser(Execution.java:192)
at RunClass.Execution.closeBrowser(Execution.java:192)
at RunClass.Execution.closeBrowser(Execution.java:192)
at RunClass.Execution.closeBrowser(Execution.java:192)
at RunClass.Execution.closeBrowser(Execution.java:192)
at RunClass.Execution.closeBrowser(Execution.java:192)
at RunClass.Execution.closeBrowser(Execution.java:192)
at RunClass.Execution.closeBrowser(Execution.java:192)
at RunClass.Execution.closeBrowser(Execution.java:192)
at RunClass.Execution.closeBrowser(Execution.java:192)
at RunClass.Execution.closeBrowser(Execution.java:192)
at RunClass.Execution.closeBrowser(Execution.java:192)
at RunClass.Execution.closeBrowser(Execution.java:192)
at RunClass.Execution.closeBrowser(Execution.java:192)
at RunClass.Execution.closeBrowser(Execution.java:192)
at RunClass.Execution.closeBrowser(Execution.java:192)
at RunClass.Execution.closeBrowser(Execution.java:192)
at RunClass.Execution.closeBrowser(Execution.java:192)
at RunClass.Execution.closeBrowser(Execution.java:192)
at RunClass.Execution.closeBrowser(Execution.java:192)
at RunClass.Execution.closeBrowser(Execution.java:192)
at RunClass.Execution.closeBrowser(Execution.java:192)
at RunClass.Execution.closeBrowser(Execution.java:192)
at RunClass.Execution.closeBrowser(Execution.java:192)
at RunClass.Execution.closeBrowser(Execution.java:192)
at RunClass.Execution.closeBrowser(Execution.java:192)
at RunClass.Execution.closeBrowser(Execution.java:192)
at RunClass.Execution.closeBrowser(Execution.java:192)
at RunClass.Execution.closeBrowser(Execution.java:192)
at RunClass.Execution.closeBrowser(Execution.java:192)
at RunClass.Execution.closeBrowser(Execution.java:192)
at RunClass.Execution.closeBrowser(Execution.java:192)
at RunClass.Execution.closeBrowser(Execution.java:192)
at RunClass.Execution.closeBrowser(Execution.java:192)
at RunClass.Execution.closeBrowser(Execution.java:192)
at RunClass.Execution.closeBrowser(Execution.java:192)
at RunClass.Execution.closeBrowser(Execution.java:192)
at RunClass.Execution.closeBrowser(Execution.java:192)
at RunClass.Execution.closeBrowser(Execution.java:192)
at RunClass.Execution.closeBrowser(Execution.java:192)
at RunClass.Execution.closeBrowser(Execution.java:192)
at RunClass.Execution.closeBrowser(Execution.java:192)
at RunClass.Execution.closeBrowser(Execution.java:192)
at RunClass.Execution.closeBrowser(Execution.java:192)
at RunClass.Execution.closeBrowser(Execution.java:192)
at RunClass.Execution.closeBrowser(Execution.java:192)
at RunClass.Execution.closeBrowser(Execution.java:192)
at RunClass.Execution.closeBrowser(Execution.java:192)
at RunClass.Execution.closeBrowser(Execution.java:192)
at RunClass.Execution.closeBrowser(Execution.java:192)
at RunClass.Execution.closeBrowser(Execution.java:192)
at RunClass.Execution.closeBrowser(Execution.java:192)
at RunClass.Execution.closeBrowser(Execution.java:192)
at RunClass.Execution.closeBrowser(Execution.java:192)
at RunClass.Execution.closeBrowser(Execution.java:192)
at RunClass.Execution.closeBrowser(Execution.java:192)
at RunClass.Execution.closeBrowser(Execution.java:192)
at RunClass.Execution.closeBrowser(Execution.java:192)
at RunClass.Execution.closeBrowser(Execution.java:192)
at RunClass.Execution.closeBrowser(Execution.java:192)
at RunClass.Execution.closeBrowser(Execution.java:192)
at RunClass.Execution.closeBrowser(Execution.java:192)
at RunClass.Execution.closeBrowser(Execution.java:192)
at RunClass.Execution.closeBrowser(Execution.java:192)
at RunClass.Execution.closeBrowser(Execution.java:192)
at RunClass.Execution.closeBrowser(Execution.java:192)
at RunClass.Execution.closeBrowser(Execution.java:192)
at RunClass.Execution.closeBrowser(Execution.java:192)
at RunClass.Execution.closeBrowser(Execution.java:192)
at RunClass.Execution.closeBrowser(Execution.java:192)
at RunClass.Execution.closeBrowser(Execution.java:192)
at RunClass.Execution.closeBrowser(Execution.java:192)
at RunClass.Execution.closeBrowser(Execution.java:192)
at RunClass.Execution.closeBrowser(Execution.java:192)
at RunClass.Execution.closeBrowser(Execution.java:192)
at RunClass.Execution.closeBrowser(Execution.java:192)
at RunClass.Execution.closeBrowser(Execution.java:192)
at RunClass.Execution.closeBrowser(Execution.java:192)
at RunClass.Execution.closeBrowser(Execution.java:192)
at RunClass.Execution.closeBrowser(Execution.java:192)
at RunClass.Execution.closeBrowser(Execution.java:192)
at RunClass.Execution.closeBrowser(Execution.java:192)
at RunClass.Execution.closeBrowser(Execution.java:192)
at RunClass.Execution.closeBrowser(Execution.java:192)
at RunClass.Execution.closeBrowser(Execution.java:192)
at RunClass.Execution.closeBrowser(Execution.java:192)
at RunClass.Execution.closeBrowser(Execution.java:192)
at RunClass.Execution.closeBrowser(Execution.java:192)
at RunClass.Execution.closeBrowser(Execution.java:192)
at RunClass.Execution.closeBrowser(Execution.java:192)
at RunClass.Execution.closeBrowser(Execution.java:192)
at RunClass.Execution.closeBrowser(Execution.java:192)
at RunClass.Execution.closeBrowser(Execution.java:192)
at RunClass.Execution.closeBrowser(Execution.java:192)
at RunClass.Execution.closeBrowser(Execution.java:192)
at RunClass.Execution.closeBrowser(Execution.java:192)
at RunClass.Execution.closeBrowser(Execution.java:192)
at RunClass.Execution.closeBrowser(Execution.java:192)
at RunClass.Execution.closeBrowser(Execution.java:192)
at RunClass.Execution.closeBrowser(Execution.java:192)
at RunClass.Execution.closeBrowser(Execution.java:192)
at RunClass.Execution.closeBrowser(Execution.java:192)
at RunClass.Execution.closeBrowser(Execution.java:192)
at RunClass.Execution.closeBrowser(Execution.java:192)
at RunClass.Execution.closeBrowser(Execution.java:192)
at RunClass.Execution.closeBrowser(Execution.java:192)
at RunClass.Execution.closeBrowser(Execution.java:192)
at RunClass.Execution.closeBrowser(Execution.java:192)
at RunClass.Execution.closeBrowser(Execution.java:192)
at RunClass.Execution.closeBrowser(Execution.java:192)
at RunClass.Execution.closeBrowser(Execution.java:192)
at RunClass.Execution.closeBrowser(Execution.java:192)
at RunClass.Execution.closeBrowser(Execution.java:192)
at RunClass.Execution.closeBrowser(Execution.java:192)
at RunClass.Execution.closeBrowser(Execution.java:192)
at RunClass.Execution.closeBrowser(Execution.java:192)
at RunClass.Execution.closeBrowser(Execution.java:192)
at RunClass.Execution.closeBrowser(Execution.java:192)
at RunClass.Execution.closeBrowser(Execution.java:192)
at RunClass.Execution.closeBrowser(Execution.java:192)
at RunClass.Execution.closeBrowser(Execution.java:192)
at RunClass.Execution.closeBrowser(Execution.java:192)
at RunClass.Execution.closeBrowser(Execution.java:192)
at RunClass.Execution.closeBrowser(Execution.java:192)
at RunClass.Execution.closeBrowser(Execution.java:192)
at RunClass.Execution.closeBrowser(Execution.java:192)
at RunClass.Execution.closeBrowser(Execution.java:192)
at RunClass.Execution.closeBrowser(Execution.java:192)
at RunClass.Execution.closeBrowser(Execution.java:192)
at RunClass.Execution.closeBrowser(Execution.java:192)
at RunClass.Execution.closeBrowser(Execution.java:192)
at RunClass.Execution.closeBrowser(Execution.java:192)
at RunClass.Execution.closeBrowser(Execution.java:192)
at RunClass.Execution.closeBrowser(Execution.java:192)
at RunClass.Execution.closeBrowser(Execution.java:192)
at RunClass.Execution.closeBrowser(Execution.java:192)
at RunClass.Execution.closeBrowser(Execution.java:192)
at RunClass.Execution.closeBrowser(Execution.java:192)
at RunClass.Execution.closeBrowser(Execution.java:192)
at RunClass.Execution.closeBrowser(Execution.java:192)
at RunClass.Execution.closeBrowser(Execution.java:192)
at RunClass.Execution.closeBrowser(Execution.java:192)
at RunClass.Execution.closeBrowser(Execution.java:192)
at RunClass.Execution.closeBrowser(Execution.java:192)
at RunClass.Execution.closeBrowser(Execution.java:192)
at RunClass.Execution.closeBrowser(Execution.java:192)
at RunClass.Execution.closeBrowser(Execution.java:192)
at RunClass.Execution.closeBrowser(Execution.java:192)
at RunClass.Execution.closeBrowser(Execution.java:192)
at RunClass.Execution.closeBrowser(Execution.java:192)
at RunClass.Execution.closeBrowser(Execution.java:192)
at RunClass.Execution.closeBrowser(Execution.java:192)
at RunClass.Execution.closeBrowser(Execution.java:192)
at RunClass.Execution.closeBrowser(Execution.java:192)
at RunClass.Execution.closeBrowser(Execution.java:192)
at RunClass.Execution.closeBrowser(Execution.java:192)
at RunClass.Execution.closeBrowser(Execution.java:192)
at RunClass.Execution.closeBrowser(Execution.java:192)
at RunClass.Execution.closeBrowser(Execution.java:192)
at RunClass.Execution.closeBrowser(Execution.java:192)
at RunClass.Execution.closeBrowser(Execution.java:192)
at RunClass.Execution.closeBrowser(Execution.java:192)
at RunClass.Execution.closeBrowser(Execution.java:192)
at RunClass.Execution.closeBrowser(Execution.java:192)
at RunClass.Execution.closeBrowser(Execution.java:192)
at RunClass.Execution.closeBrowser(Execution.java:192)
at RunClass.Execution.closeBrowser(Execution.java:192)
at RunClass.Execution.closeBrowser(Execution.java:192)
at RunClass.Execution.closeBrowser(Execution.java:192)
at RunClass.Execution.closeBrowser(Execution.java:192)
at RunClass.Execution.closeBrowser(Execution.java:192)
at RunClass.Execution.closeBrowser(Execution.java:192)
at RunClass.Execution.closeBrowser(Execution.java:192)
at RunClass.Execution.closeBrowser(Execution.java:192)
at RunClass.Execution.closeBrowser(Execution.java:192)
at RunClass.Execution.closeBrowser(Execution.java:192)
at RunClass.Execution.closeBrowser(Execution.java:192)
at RunClass.Execution.closeBrowser(Execution.java:192)
at RunClass.Execution.closeBrowser(Execution.java:192)
at RunClass.Execution.closeBrowser(Execution.java:192)
at RunClass.Execution.closeBrowser(Execution.java:192)
at RunClass.Execution.closeBrowser(Execution.java:192)
at RunClass.Execution.closeBrowser(Execution.java:192)
at RunClass.Execution.closeBrowser(Execution.java:192)
at RunClass.Execution.closeBrowser(Execution.java:192)
at RunClass.Execution.closeBrowser(Execution.java:192)
at RunClass.Execution.closeBrowser(Execution.java:192)
at RunClass.Execution.closeBrowser(Execution.java:192)
at RunClass.Execution.closeBrowser(Execution.java:192)
at RunClass.Execution.closeBrowser(Execution.java:192)
at RunClass.Execution.closeBrowser(Execution.java:192)
at RunClass.Execution.closeBrowser(Execution.java:192)
at RunClass.Execution.closeBrowser(Execution.java:192)
at RunClass.Execution.closeBrowser(Execution.java:192)
at RunClass.Execution.closeBrowser(Execution.java:192)
at RunClass.Execution.closeBrowser(Execution.java:192)
at RunClass.Execution.closeBrowser(Execution.java:192)
at RunClass.Execution.closeBrowser(Execution.java:192)
at RunClass.Execution.closeBrowser(Execution.java:192)
at RunClass.Execution.closeBrowser(Execution.java:192)
at RunClass.Execution.closeBrowser(Execution.java:192)
at RunClass.Execution.closeBrowser(Execution.java:192)
at RunClass.Execution.closeBrowser(Execution.java:192)
at RunClass.Execution.closeBrowser(Execution.java:192)
at RunClass.Execution.closeBrowser(Execution.java:192)
at RunClass.Execution.closeBrowser(Execution.java:192)
at RunClass.Execution.closeBrowser(Execution.java:192)
at RunClass.Execution.closeBrowser(Execution.java:192)
at RunClass.Execution.closeBrowser(Execution.java:192)
at RunClass.Execution.closeBrowser(Execution.java:192)
at RunClass.Execution.closeBrowser(Execution.java:192)
at RunClass.Execution.closeBrowser(Execution.java:192)
at RunClass.Execution.closeBrowser(Execution.java:192)
at RunClass.Execution.closeBrowser(Execution.java:192)
at RunClass.Execution.closeBrowser(Execution.java:192)
at RunClass.Execution.closeBrowser(Execution.java:192)
at RunClass.Execution.closeBrowser(Execution.java:192)
at RunClass.Execution.closeBrowser(Execution.java:192)
at RunClass.Execution.closeBrowser(Execution.java:192)
at RunClass.Execution.closeBrowser(Execution.java:192)
at RunClass.Execution.closeBrowser(Execution.java:192)
at RunClass.Execution.closeBrowser(Execution.java:192)
at RunClass.Execution.closeBrowser(Execution.java:192)
at RunClass.Execution.closeBrowser(Execution.java:192)
at RunClass.Execution.closeBrowser(Execution.java:192)
at RunClass.Execution.closeBrowser(Execution.java:192)
at RunClass.Execution.closeBrowser(Execution.java:192)
at RunClass.Execution.closeBrowser(Execution.java:192)
at RunClass.Execution.closeBrowser(Execution.java:192)
at RunClass.Execution.closeBrowser(Execution.java:192)
at RunClass.Execution.closeBrowser(Execution.java:192)
at RunClass.Execution.closeBrowser(Execution.java:192)
at RunClass.Execution.closeBrowser(Execution.java:192)
at RunClass.Execution.closeBrowser(Execution.java:192)
at RunClass.Execution.closeBrowser(Execution.java:192)
at RunClass.Execution.closeBrowser(Execution.java:192)
at RunClass.Execution.closeBrowser(Execution.java:192)
at RunClass.Execution.closeBrowser(Execution.java:192)
at RunClass.Execution.closeBrowser(Execution.java:192)
at RunClass.Execution.closeBrowser(Execution.java:192)
at RunClass.Execution.closeBrowser(Execution.java:192)
at RunClass.Execution.closeBrowser(Execution.java:192)
at RunClass.Execution.closeBrowser(Execution.java:192)
at RunClass.Execution.closeBrowser(Execution.java:192)
at RunClass.Execution.closeBrowser(Execution.java:192)
at RunClass.Execution.closeBrowser(Execution.java:192)
at RunClass.Execution.closeBrowser(Execution.java:192)
at RunClass.Execution.closeBrowser(Execution.java:192)
at RunClass.Execution.closeBrowser(Execution.java:192)
at RunClass.Execution.closeBrowser(Execution.java:192)
at RunClass.Execution.closeBrowser(Execution.java:192)
at RunClass.Execution.closeBrowser(Execution.java:192)
at RunClass.Execution.closeBrowser(Execution.java:192)
at RunClass.Execution.closeBrowser(Execution.java:192)
at RunClass.Execution.closeBrowser(Execution.java:192)
at RunClass.Execution.closeBrowser(Execution.java:192)
at RunClass.Execution.closeBrowser(Execution.java:192)
at RunClass.Execution.closeBrowser(Execution.java:192)
at RunClass.Execution.closeBrowser(Execution.java:192)
at RunClass.Execution.closeBrowser(Execution.java:192)
at RunClass.Execution.closeBrowser(Execution.java:192)
at RunClass.Execution.closeBrowser(Execution.java:192)
at RunClass.Execution.closeBrowser(Execution.java:192)
at RunClass.Execution.closeBrowser(Execution.java:192)
at RunClass.Execution.closeBrowser(Execution.java:192)
at RunClass.Execution.closeBrowser(Execution.java:192)
at RunClass.Execution.closeBrowser(Execution.java:192)
at RunClass.Execution.closeBrowser(Execution.java:192)
at RunClass.Execution.closeBrowser(Execution.java:192)
at RunClass.Execution.closeBrowser(Execution.java:192)
at RunClass.Execution.closeBrowser(Execution.java:192)
at RunClass.Execution.closeBrowser(Execution.java:192)
at RunClass.Execution.closeBrowser(Execution.java:192)
at RunClass.Execution.closeBrowser(Execution.java:192)
at RunClass.Execution.closeBrowser(Execution.java:192)
at RunClass.Execution.closeBrowser(Execution.java:192)
at RunClass.Execution.closeBrowser(Execution.java:192)
at RunClass.Execution.closeBrowser(Execution.java:192)
at RunClass.Execution.closeBrowser(Execution.java:192)
at RunClass.Execution.closeBrowser(Execution.java:192)
at RunClass.Execution.closeBrowser(Execution.java:192)
at RunClass.Execution.closeBrowser(Execution.java:192)
at RunClass.Execution.closeBrowser(Execution.java:192)
at RunClass.Execution.closeBrowser(Execution.java:192)
at RunClass.Execution.closeBrowser(Execution.java:192)
at RunClass.Execution.closeBrowser(Execution.java:192)
at RunClass.Execution.closeBrowser(Execution.java:192)
at RunClass.Execution.closeBrowser(Execution.java:192)
at RunClass.Execution.closeBrowser(Execution.java:192)
at RunClass.Execution.closeBrowser(Execution.java:192)
at RunClass.Execution.closeBrowser(Execution.java:192)
at RunClass.Execution.closeBrowser(Execution.java:192)
at RunClass.Execution.closeBrowser(Execution.java:192)
at RunClass.Execution.closeBrowser(Execution.java:192)
at RunClass.Execution.closeBrowser(Execution.java:192)
at RunClass.Execution.closeBrowser(Execution.java:192)
at RunClass.Execution.closeBrowser(Execution.java:192)
at RunClass.Execution.closeBrowser(Execution.java:192)
at RunClass.Execution.closeBrowser(Execution.java:192)
at RunClass.Execution.closeBrowser(Execution.java:192)
at RunClass.Execution.closeBrowser(Execution.java:192)
at RunClass.Execution.closeBrowser(Execution.java:192)
at RunClass.Execution.closeBrowser(Execution.java:192)
at RunClass.Execution.closeBrowser(Execution.java:192)
at RunClass.Execution.closeBrowser(Execution.java:192)
at RunClass.Execution.closeBrowser(Execution.java:192)
at RunClass.Execution.closeBrowser(Execution.java:192)
at RunClass.Execution.closeBrowser(Execution.java:192)
at RunClass.Execution.closeBrowser(Execution.java:192)
at RunClass.Execution.closeBrowser(Execution.java:192)
at RunClass.Execution.closeBrowser(Execution.java:192)
at RunClass.Execution.closeBrowser(Execution.java:192)
at RunClass.Execution.closeBrowser(Execution.java:192)
at RunClass.Execution.closeBrowser(Execution.java:192)
at RunClass.Execution.closeBrowser(Execution.java:192)
at RunClass.Execution.closeBrowser(Execution.java:192)
at RunClass.Execution.closeBrowser(Execution.java:192)
at RunClass.Execution.closeBrowser(Execution.java:192)
at RunClass.Execution.closeBrowser(Execution.java:192)
at RunClass.Execution.closeBrowser(Execution.java:192)
at RunClass.Execution.closeBrowser(Execution.java:192)
at RunClass.Execution.closeBrowser(Execution.java:192)
at RunClass.Execution.closeBrowser(Execution.java:192)
at RunClass.Execution.closeBrowser(Execution.java:192)
at RunClass.Execution.closeBrowser(Execution.java:192)
at RunClass.Execution.closeBrowser(Execution.java:192)
at RunClass.Execution.closeBrowser(Execution.java:192)
at RunClass.Execution.closeBrowser(Execution.java:192)
at RunClass.Execution.closeBrowser(Execution.java:192)
at RunClass.Execution.closeBrowser(Execution.java:192)
at RunClass.Execution.closeBrowser(Execution.java:192)
at RunClass.Execution.closeBrowser(Execution.java:192)
at RunClass.Execution.closeBrowser(Execution.java:192)
at RunClass.Execution.closeBrowser(Execution.java:192)
at RunClass.Execution.closeBrowser(Execution.java:192)
at RunClass.Execution.closeBrowser(Execution.java:192)
at RunClass.Execution.closeBrowser(Execution.java:192)
at RunClass.Execution.closeBrowser(Execution.java:192)
at RunClass.Execution.closeBrowser(Execution.java:192)
at RunClass.Execution.closeBrowser(Execution.java:192)
at RunClass.Execution.closeBrowser(Execution.java:192)
at RunClass.Execution.closeBrowser(Execution.java:192)
at RunClass.Execution.closeBrowser(Execution.java:192)
at RunClass.Execution.closeBrowser(Execution.java:192)
at RunClass.Execution.closeBrowser(Execution.java:192)
at RunClass.Execution.closeBrowser(Execution.java:192)
at RunClass.Execution.closeBrowser(Execution.java:192)
at RunClass.Execution.closeBrowser(Execution.java:192)
at RunClass.Execution.closeBrowser(Execution.java:192)
at RunClass.Execution.closeBrowser(Execution.java:192)
at RunClass.Execution.closeBrowser(Execution.java:192)
at RunClass.Execution.closeBrowser(Execution.java:192)
at RunClass.Execution.closeBrowser(Execution.java:192)
at RunClass.Execution.closeBrowser(Execution.java:192)
at RunClass.Execution.closeBrowser(Execution.java:192)
at RunClass.Execution.closeBrowser(Execution.java:192)
at RunClass.Execution.closeBrowser(Execution.java:192)
at RunClass.Execution.closeBrowser(Execution.java:192)
at RunClass.Execution.closeBrowser(Execution.java:192)
at RunClass.Execution.closeBrowser(Execution.java:192)
at RunClass.Execution.closeBrowser(Execution.java:192)
at RunClass.Execution.closeBrowser(Execution.java:192)
at RunClass.Execution.closeBrowser(Execution.java:192)
at RunClass.Execution.closeBrowser(Execution.java:192)
at RunClass.Execution.closeBrowser(Execution.java:192)
at RunClass.Execution.closeBrowser(Execution.java:192)
at RunClass.Execution.closeBrowser(Execution.java:192)
at RunClass.Execution.closeBrowser(Execution.java:192)
at RunClass.Execution.closeBrowser(Execution.java:192)
at RunClass.Execution.closeBrowser(Execution.java:192)
at RunClass.Execution.closeBrowser(Execution.java:192)
at RunClass.Execution.closeBrowser(Execution.java:192)
at RunClass.Execution.closeBrowser(Execution.java:192)
at RunClass.Execution.closeBrowser(Execution.java:192)
at RunClass.Execution.closeBrowser(Execution.java:192)
at RunClass.Execution.closeBrowser(Execution.java:192)
at RunClass.Execution.closeBrowser(Execution.java:192)
at RunClass.Execution.closeBrowser(Execution.java:192)
at RunClass.Execution.closeBrowser(Execution.java:192)
at RunClass.Execution.closeBrowser(Execution.java:192)
at RunClass.Execution.closeBrowser(Execution.java:192)
at RunClass.Execution.closeBrowser(Execution.java:192)
at RunClass.Execution.closeBrowser(Execution.java:192)
at RunClass.Execution.closeBrowser(Execution.java:192)
at RunClass.Execution.closeBrowser(Execution.java:192)
at RunClass.Execution.closeBrowser(Execution.java:192)
at RunClass.Execution.closeBrowser(Execution.java:192)
at RunClass.Execution.closeBrowser(Execution.java:192)
at RunClass.Execution.closeBrowser(Execution.java:192)
at RunClass.Execution.closeBrowser(Execution.java:192)
at RunClass.Execution.closeBrowser(Execution.java:192)
at RunClass.Execution.closeBrowser(Execution.java:192)
at RunClass.Execution.closeBrowser(Execution.java:192)
at RunClass.Execution.closeBrowser(Execution.java:192)
at RunClass.Execution.closeBrowser(Execution.java:192)
at RunClass.Execution.closeBrowser(Execution.java:192)
at RunClass.Execution.closeBrowser(Execution.java:192)
at RunClass.Execution.closeBrowser(Execution.java:192)
at RunClass.Execution.closeBrowser(Execution.java:192)
at RunClass.Execution.closeBrowser(Execution.java:192)
at RunClass.Execution.closeBrowser(Execution.java:192)
at RunClass.Execution.closeBrowser(Execution.java:192)
at RunClass.Execution.closeBrowser(Execution.java:192)
at RunClass.Execution.closeBrowser(Execution.java:192)
at RunClass.Execution.closeBrowser(Execution.java:192)
at RunClass.Execution.closeBrowser(Execution.java:192)
at RunClass.Execution.closeBrowser(Execution.java:192)
at RunClass.Execution.closeBrowser(Execution.java:192)
at RunClass.Execution.closeBrowser(Execution.java:192)
at RunClass.Execution.closeBrowser(Execution.java:192)
at RunClass.Execution.closeBrowser(Execution.java:192)
at RunClass.Execution.closeBrowser(Execution.java:192)
at RunClass.Execution.closeBrowser(Execution.java:192)
at RunClass.Execution.closeBrowser(Execution.java:192)
at RunClass.Execution.closeBrowser(Execution.java:192)
at RunClass.Execution.closeBrowser(Execution.java:192)
at RunClass.Execution.closeBrowser(Execution.java:192)
at RunClass.Execution.closeBrowser(Execution.java:192)
at RunClass.Execution.closeBrowser(Execution.java:192)
at RunClass.Execution.closeBrowser(Execution.java:192)
at RunClass.Execution.closeBrowser(Execution.java:192)
at RunClass.Execution.closeBrowser(Execution.java:192)
at RunClass.Execution.closeBrowser(Execution.java:192)
at RunClass.Execution.closeBrowser(Execution.java:192)
at RunClass.Execution.closeBrowser(Execution.java:192)
at RunClass.Execution.closeBrowser(Execution.java:192)
at RunClass.Execution.closeBrowser(Execution.java:192)
at RunClass.Execution.closeBrowser(Execution.java:192)
at RunClass.Execution.closeBrowser(Execution.java:192)
at RunClass.Execution.closeBrowser(Execution.java:192)
at RunClass.Execution.closeBrowser(Execution.java:192)
at RunClass.Execution.closeBrowser(Execution.java:192)
at RunClass.Execution.closeBrowser(Execution.java:192)
at RunClass.Execution.closeBrowser(Execution.java:192)
at RunClass.Execution.closeBrowser(Execution.java:192)
at RunClass.Execution.closeBrowser(Execution.java:192)
at RunClass.Execution.closeBrowser(Execution.java:192)
at RunClass.Execution.closeBrowser(Execution.java:192)
at RunClass.Execution.closeBrowser(Execution.java:192)
at RunClass.Execution.closeBrowser(Execution.java:192)
at RunClass.Execution.closeBrowser(Execution.java:192)
at RunClass.Execution.closeBrowser(Execution.java:192)
at RunClass.Execution.closeBrowser(Execution.java:192)
at RunClass.Execution.closeBrowser(Execution.java:192)
at RunClass.Execution.closeBrowser(Execution.java:192)
at RunClass.Execution.closeBrowser(Execution.java:192)
at RunClass.Execution.closeBrowser(Execution.java:192)
at RunClass.Execution.closeBrowser(Execution.java:192)
at RunClass.Execution.closeBrowser(Execution.java:192)
at RunClass.Execution.closeBrowser(Execution.java:192)
at RunClass.Execution.closeBrowser(Execution.java:192)
at RunClass.Execution.closeBrowser(Execution.java:192)
at RunClass.Execution.closeBrowser(Execution.java:192)
at RunClass.Execution.closeBrowser(Execution.java:192)
at RunClass.Execution.closeBrowser(Execution.java:192)
at RunClass.Execution.closeBrowser(Execution.java:192)
at RunClass.Execution.closeBrowser(Execution.java:192)
at RunClass.Execution.closeBrowser(Execution.java:192)
at RunClass.Execution.closeBrowser(Execution.java:192)
at RunClass.Execution.closeBrowser(Execution.java:192)
at RunClass.Execution.closeBrowser(Execution.java:192)
at RunClass.Execution.closeBrowser(Execution.java:192)
at RunClass.Execution.closeBrowser(Execution.java:192)
at RunClass.Execution.closeBrowser(Execution.java:192)
at RunClass.Execution.closeBrowser(Execution.java:192)
at RunClass.Execution.closeBrowser(Execution.java:192)
at RunClass.Execution.closeBrowser(Execution.java:192)
at RunClass.Execution.closeBrowser(Execution.java:192)
at RunClass.Execution.closeBrowser(Execution.java:192)
at RunClass.Execution.closeBrowser(Execution.java:192)
at RunClass.Execution.closeBrowser(Execution.java:192)
at RunClass.Execution.closeBrowser(Execution.java:192)
at RunClass.Execution.closeBrowser(Execution.java:192)
at RunClass.Execution.closeBrowser(Execution.java:192)
at RunClass.Execution.closeBrowser(Execution.java:192)
at RunClass.Execution.closeBrowser(Execution.java:192)
at RunClass.Execution.closeBrowser(Execution.java:192)
at RunClass.Execution.closeBrowser(Execution.java:192)
at RunClass.Execution.closeBrowser(Execution.java:192)
at RunClass.Execution.closeBrowser(Execution.java:192)
at RunClass.Execution.closeBrowser(Execution.java:192)
at RunClass.Execution.closeBrowser(Execution.java:192)
at RunClass.Execution.closeBrowser(Execution.java:192)
at RunClass.Execution.closeBrowser(Execution.java:192)
at RunClass.Execution.closeBrowser(Execution.java:192)
at RunClass.Execution.closeBrowser(Execution.java:192)
at RunClass.Execution.closeBrowser(Execution.java:192)
at RunClass.Execution.closeBrowser(Execution.java:192)
at RunClass.Execution.closeBrowser(Execution.java:192)
at RunClass.Execution.closeBrowser(Execution.java:192)
at RunClass.Execution.closeBrowser(Execution.java:192)
at RunClass.Execution.closeBrowser(Execution.java:192)
at RunClass.Execution.closeBrowser(Execution.java:192)
at RunClass.Execution.closeBrowser(Execution.java:192)
at RunClass.Execution.closeBrowser(Execution.java:192)
at RunClass.Execution.closeBrowser(Execution.java:192)
at RunClass.Execution.closeBrowser(Execution.java:192)
at RunClass.Execution.closeBrowser(Execution.java:192)
at RunClass.Execution.closeBrowser(Execution.java:192)
at RunClass.Execution.closeBrowser(Execution.java:192)
at RunClass.Execution.closeBrowser(Execution.java:192)
at RunClass.Execution.closeBrowser(Execution.java:192)
at RunClass.Execution.closeBrowser(Execution.java:192)
at RunClass.Execution.closeBrowser(Execution.java:192)
at RunClass.Execution.closeBrowser(Execution.java:192)
at RunClass.Execution.closeBrowser(Execution.java:192)
at RunClass.Execution.closeBrowser(Execution.java:192)
at RunClass.Execution.closeBrowser(Execution.java:192)
at RunClass.Execution.closeBrowser(Execution.java:192)
at RunClass.Execution.closeBrowser(Execution.java:192)
at RunClass.Execution.closeBrowser(Execution.java:192)
at RunClass.Execution.closeBrowser(Execution.java:192)
at RunClass.Execution.closeBrowser(Execution.java:192)
at RunClass.Execution.closeBrowser(Execution.java:192)
at RunClass.Execution.closeBrowser(Execution.java:192)
at RunClass.Execution.closeBrowser(Execution.java:192)
at RunClass.Execution.closeBrowser(Execution.java:192)
at RunClass.Execution.closeBrowser(Execution.java:192)
at RunClass.Execution.closeBrowser(Execution.java:192)
at RunClass.Execution.closeBrowser(Execution.java:192)
at RunClass.Execution.closeBrowser(Execution.java:192)
at RunClass.Execution.closeBrowser(Execution.java:192)
at RunClass.Execution.closeBrowser(Execution.java:192)
at RunClass.Execution.closeBrowser(Execution.java:192)
at RunClass.Execution.closeBrowser(Execution.java:192)
at RunClass.Execution.closeBrowser(Execution.java:192)
at RunClass.Execution.closeBrowser(Execution.java:192)
at RunClass.Execution.closeBrowser(Execution.java:192)
at RunClass.Execution.closeBrowser(Execution.java:192)
at RunClass.Execution.closeBrowser(Execution.java:192)
at RunClass.Execution.closeBrowser(Execution.java:192)
at RunClass.Execution.closeBrowser(Execution.java:192)
at RunClass.Execution.closeBrowser(Execution.java:192)
at RunClass.Execution.closeBrowser(Execution.java:192)
at RunClass.Execution.closeBrowser(Execution.java:192)
at RunClass.Execution.closeBrowser(Execution.java:192)
at RunClass.Execution.closeBrowser(Execution.java:192)
at RunClass.Execution.closeBrowser(Execution.java:192)
at RunClass.Execution.closeBrowser(Execution.java:192)
at RunClass.Execution.closeBrowser(Execution.java:192)
at RunClass.Execution.closeBrowser(Execution.java:192)
at RunClass.Execution.closeBrowser(Execution.java:192)
at RunClass.Execution.closeBrowser(Execution.java:192)
at RunClass.Execution.closeBrowser(Execution.java:192)
at RunClass.Execution.closeBrowser(Execution.java:192)
at RunClass.Execution.closeBrowser(Execution.java:192)
at RunClass.Execution.closeBrowser(Execution.java:192)
at RunClass.Execution.closeBrowser(Execution.java:192)
at RunClass.Execution.closeBrowser(Execution.java:192)
at RunClass.Execution.closeBrowser(Execution.java:192)
at RunClass.Execution.closeBrowser(Execution.java:192)
at RunClass.Execution.closeBrowser(Execution.java:192)
at RunClass.Execution.closeBrowser(Execution.java:192)
at RunClass.Execution.closeBrowser(Execution.java:192)
at RunClass.Execution.closeBrowser(Execution.java:192)
at RunClass.Execution.closeBrowser(Execution.java:192)
at RunClass.Execution.closeBrowser(Execution.java:192)
at RunClass.Execution.closeBrowser(Execution.java:192)
at RunClass.Execution.closeBrowser(Execution.java:192)
at RunClass.Execution.closeBrowser(Execution.java:192)
at RunClass.Execution.closeBrowser(Execution.java:192)
at RunClass.Execution.closeBrowser(Execution.java:192)
at RunClass.Execution.closeBrowser(Execution.java:192)
at RunClass.Execution.closeBrowser(Execution.java:192)
at RunClass.Execution.closeBrowser(Execution.java:192)
at RunClass.Execution.closeBrowser(Execution.java:192)
at RunClass.Execution.closeBrowser(Execution.java:192)
at RunClass.Execution.closeBrowser(Execution.java:192)
at RunClass.Execution.closeBrowser(Execution.java:192)
at RunClass.Execution.closeBrowser(Execution.java:192)
at RunClass.Execution.closeBrowser(Execution.java:192)
at RunClass.Execution.closeBrowser(Execution.java:192)
at RunClass.Execution.closeBrowser(Execution.java:192)
at RunClass.Execution.closeBrowser(Execution.java:192)
at RunClass.Execution.closeBrowser(Execution.java:192)
at RunClass.Execution.closeBrowser(Execution.java:192)
at RunClass.Execution.closeBrowser(Execution.java:192)
at RunClass.Execution.closeBrowser(Execution.java:192)
at RunClass.Execution.closeBrowser(Execution.java:192)
at RunClass.Execution.closeBrowser(Execution.java:192)
at RunClass.Execution.closeBrowser(Execution.java:192)
at RunClass.Execution.closeBrowser(Execution.java:192)
at RunClass.Execution.closeBrowser(Execution.java:192)
at RunClass.Execution.closeBrowser(Execution.java:192)
at RunClass.Execution.closeBrowser(Execution.java:192)
at RunClass.Execution.closeBrowser(Execution.java:192)
at RunClass.Execution.closeBrowser(Execution.java:192)
at RunClass.Execution.closeBrowser(Execution.java:192)
at RunClass.Execution.closeBrowser(Execution.java:192)
at RunClass.Execution.closeBrowser(Execution.java:192)
at RunClass.Execution.closeBrowser(Execution.java:192)
at RunClass.Execution.closeBrowser(Execution.java:192)
at RunClass.Execution.closeBrowser(Execution.java:192)
at RunClass.Execution.closeBrowser(Execution.java:192)
at RunClass.Execution.closeBrowser(Execution.java:192)
at RunClass.Execution.closeBrowser(Execution.java:192)
at RunClass.Execution.closeBrowser(Execution.java:192)
at RunClass.Execution.closeBrowser(Execution.java:192)
at RunClass.Execution.closeBrowser(Execution.java:192)
at RunClass.Execution.closeBrowser(Execution.java:192)
at RunClass.Execution.closeBrowser(Execution.java:192)
at RunClass.Execution.closeBrowser(Execution.java:192)
at RunClass.Execution.closeBrowser(Execution.java:192)
at RunClass.Execution.closeBrowser(Execution.java:192)
at RunClass.Execution.closeBrowser(Execution.java:192)
at RunClass.Execution.closeBrowser(Execution.java:192)
at RunClass.Execution.closeBrowser(Execution.java:192)
at RunClass.Execution.closeBrowser(Execution.java:192)
at RunClass.Execution.closeBrowser(Execution.java:192)
at RunClass.Execution.closeBrowser(Execution.java:192)
at RunClass.Execution.closeBrowser(Execution.java:192)
at RunClass.Execution.closeBrowser(Execution.java:192)
at RunClass.Execution.closeBrowser(Execution.java:192)
at RunClass.Execution.closeBrowser(Execution.java:192)
at RunClass.Execution.closeBrowser(Execution.java:192)
at RunClass.Execution.closeBrowser(Execution.java:192)
at RunClass.Execution.closeBrowser(Execution.java:192)
at RunClass.Execution.closeBrowser(Execution.java:192)
at RunClass.Execution.closeBrowser(Execution.java:192)
at RunClass.Execution.closeBrowser(Execution.java:192)
at RunClass.Execution.closeBrowser(Execution.java:192)
at RunClass.Execution.closeBrowser(Execution.java:192)
at RunClass.Execution.closeBrowser(Execution.java:192)
at RunClass.Execution.closeBrowser(Execution.java:192)
at RunClass.Execution.closeBrowser(Execution.java:192)
at RunClass.Execution.closeBrowser(Execution.java:192)
at RunClass.Execution.closeBrowser(Execution.java:192)
at RunClass.Execution.closeBrowser(Execution.java:192)
at RunClass.Execution.closeBrowser(Execution.java:192)
at RunClass.Execution.closeBrowser(Execution.java:192)
at RunClass.Execution.closeBrowser(Execution.java:192)
at RunClass.Execution.closeBrowser(Execution.java:192)
at RunClass.Execution.closeBrowser(Execution.java:192)
at RunClass.Execution.closeBrowser(Execution.java:192)
at RunClass.Execution.closeBrowser(Execution.java:192)
at RunClass.Execution.closeBrowser(Execution.java:192)
at RunClass.Execution.closeBrowser(Execution.java:192)
at RunClass.Execution.closeBrowser(Execution.java:192)
at RunClass.Execution.closeBrowser(Execution.java:192)
at RunClass.Execution.closeBrowser(Execution.java:192)
at RunClass.Execution.closeBrowser(Execution.java:192)
at RunClass.Execution.closeBrowser(Execution.java:192)
at RunClass.Execution.closeBrowser(Execution.java:192)
at RunClass.Execution.closeBrowser(Execution.java:192)
at RunClass.Execution.closeBrowser(Execution.java:192)
at RunClass.Execution.closeBrowser(Execution.java:192)
at RunClass.Execution.closeBrowser(Execution.java:192)
at RunClass.Execution.closeBrowser(Execution.java:192)
at RunClass.Execution.closeBrowser(Execution.java:192)
at RunClass.Execution.closeBrowser(Execution.java:192)
at RunClass.Execution.closeBrowser(Execution.java:192)
at RunClass.Execution.closeBrowser(Execution.java:192)
at RunClass.Execution.closeBrowser(Execution.java:192)
at RunClass.Execution.closeBrowser(Execution.java:192)
at RunClass.Execution.closeBrowser(Execution.java:192)
at RunClass.Execution.closeBrowser(Execution.java:192)
at RunClass.Execution.closeBrowser(Execution.java:192)
at RunClass.Execution.closeBrowser(Execution.java:192)
at RunClass.Execution.closeBrowser(Execution.java:192)
at RunClass.Execution.closeBrowser(Execution.java:192)
at RunClass.Execution.closeBrowser(Execution.java:192)
at RunClass.Execution.closeBrowser(Execution.java:192)
at RunClass.Execution.closeBrowser(Execution.java:192)
at RunClass.Execution.closeBrowser(Execution.java:192)
at RunClass.Execution.closeBrowser(Execution.java:192)
at RunClass.Execution.closeBrowser(Execution.java:192)
at RunClass.Execution.closeBrowser(Execution.java:192)
at RunClass.Execution.closeBrowser(Execution.java:192)
at RunClass.Execution.closeBrowser(Execution.java:192)
at RunClass.Execution.closeBrowser(Execution.java:192)
at RunClass.Execution.closeBrowser(Execution.java:192)
at RunClass.Execution.closeBrowser(Execution.java:192)
at RunClass.Execution.closeBrowser(Execution.java:192)
at RunClass.Execution.closeBrowser(Execution.java:192)
at RunClass.Execution.closeBrowser(Execution.java:192)
at RunClass.Execution.closeBrowser(Execution.java:192)
at RunClass.Execution.closeBrowser(Execution.java:192)
at RunClass.Execution.closeBrowser(Execution.java:192)
at RunClass.Execution.closeBrowser(Execution.java:192)
at RunClass.Execution.closeBrowser(Execution.java:192)
at RunClass.Execution.closeBrowser(Execution.java:192)
at RunClass.Execution.closeBrowser(Execution.java:192)
at RunClass.Execution.closeBrowser(Execution.java:192)
at RunClass.Execution.closeBrowser(Execution.java:192)
at RunClass.Execution.closeBrowser(Execution.java:192)
at RunClass.Execution.closeBrowser(Execution.java:192)
at RunClass.Execution.closeBrowser(Execution.java:192)
at RunClass.Execution.closeBrowser(Execution.java:192)
at RunClass.Execution.closeBrowser(Execution.java:192)
at RunClass.Execution.closeBrowser(Execution.java:192)
at RunClass.Execution.closeBrowser(Execution.java:192)
at RunClass.Execution.closeBrowser(Execution.java:192)
at RunClass.Execution.closeBrowser(Execution.java:192)
at RunClass.Execution.closeBrowser(Execution.java:192)
at RunClass.Execution.closeBrowser(Execution.java:192)
at RunClass.Execution.closeBrowser(Execution.java:192)
at RunClass.Execution.closeBrowser(Execution.java:192)
at RunClass.Execution.closeBrowser(Execution.java:192)
at RunClass.Execution.closeBrowser(Execution.java:192)
at RunClass.Execution.closeBrowser(Execution.java:192)
at RunClass.Execution.closeBrowser(Execution.java:192)
at RunClass.Execution.closeBrowser(Execution.java:192)
at RunClass.Execution.closeBrowser(Execution.java:192)
at RunClass.Execution.closeBrowser(Execution.java:192)
at RunClass.Execution.closeBrowser(Execution.java:192)
at RunClass.Execution.closeBrowser(Execution.java:192)
at RunClass.Execution.closeBrowser(Execution.java:192)
]]>
    </error>
  </testcase> <!-- closeBrowser -->
  <testcase classname="RunClass.Execution" name="testcase" time="0.249">
    <error message="no such element: Unable to locate element: {&quot;method&quot;:&quot;xpath&quot;,&quot;selector&quot;:&quot;//label[@for=&#039;TWMobile&#039;]&quot;}
  (Session info: chrome=104.0.5112.102)
For documentation on this error, please visit: http://seleniumhq.org/exceptions/no_such_element.html
Build info: version: &#039;3.5.3&#039;, revision: &#039;a88d25fe6b&#039;, time: &#039;2017-08-29T12:42:44.417Z&#039;
System info: host: &#039;DIGITAL-0129&#039;, ip: &#039;172.23.4.254&#039;, os.name: &#039;Windows 10&#039;, os.arch: &#039;amd64&#039;, os.version: &#039;10.0&#039;, java.version: &#039;17.0.3&#039;
Driver info: org.openqa.selenium.chrome.ChromeDriver
Capabilities [{networkConnectionEnabled=false, chrome={chromedriverVersion=104.0.5112.79 (3cf3e8c8a07d104b9e1260c910efb8f383285dc5-refs/branch-heads/5112@{#1307}), userDataDir=C:\Users\v802\AppData\Local\Temp\scoped_dir12904_920044719}, timeouts={implicit=0, pageLoad=300000, script=30000}, pageLoadStrategy=normal, unhandledPromptBehavior=dismiss and notify, strictFileInteractability=false, platform=XP, proxy=Proxy(), goog:chromeOptions={debuggerAddress=localhost:52795}, webauthn:extension:credBlob=true, acceptInsecureCerts=false, browserVersion=104.0.5112.102, browserName=chrome, javascriptEnabled=true, platformName=XP, setWindowRect=true, webauthn:extension:largeBlob=true, webauthn:virtualAuthenticators=true}]
Session ID: eb49bb0bc0724cb71e10035263cb12d6
*** Element info: {Using=xpath, value=//label[@for=&#039;TWMobile&#039;]}" type="org.openqa.selenium.NoSuchElementException">
      <![CDATA[org.openqa.selenium.NoSuchElementException: no such element: Unable to locate element: {"method":"xpath","selector":"//label[@for='TWMobile']"}
  (Session info: chrome=104.0.5112.102)
For documentation on this error, please visit: http://seleniumhq.org/exceptions/no_such_element.html
Build info: version: '3.5.3', revision: 'a88d25fe6b', time: '2017-08-29T12:42:44.417Z'
System info: host: 'DIGITAL-0129', ip: '172.23.4.254', os.name: 'Windows 10', os.arch: 'amd64', os.version: '10.0', java.version: '17.0.3'
Driver info: org.openqa.selenium.chrome.ChromeDriver
Capabilities [{networkConnectionEnabled=false, chrome={chromedriverVersion=104.0.5112.79 (3cf3e8c8a07d104b9e1260c910efb8f383285dc5-refs/branch-heads/5112@{#1307}), userDataDir=C:\Users\v802\AppData\Local\Temp\scoped_dir12904_920044719}, timeouts={implicit=0, pageLoad=300000, script=30000}, pageLoadStrategy=normal, unhandledPromptBehavior=dismiss and notify, strictFileInteractability=false, platform=XP, proxy=Proxy(), goog:chromeOptions={debuggerAddress=localhost:52795}, webauthn:extension:credBlob=true, acceptInsecureCerts=false, browserVersion=104.0.5112.102, browserName=chrome, javascriptEnabled=true, platformName=XP, setWindowRect=true, webauthn:extension:largeBlob=true, webauthn:virtualAuthenticators=true}]
Session ID: eb49bb0bc0724cb71e10035263cb12d6
*** Element info: {Using=xpath, value=//label[@for='TWMobile']}
at java.base/jdk.internal.reflect.NativeConstructorAccessorImpl.newInstance0(Native Method)
at java.base/jdk.internal.reflect.NativeConstructorAccessorImpl.newInstance(NativeConstructorAccessorImpl.java:77)
at java.base/jdk.internal.reflect.DelegatingConstructorAccessorImpl.newInstance(DelegatingConstructorAccessorImpl.java:45)
at java.base/java.lang.reflect.Constructor.newInstanceWithCaller(Constructor.java:499)
at java.base/java.lang.reflect.Constructor.newInstance(Constructor.java:480)
at org.openqa.selenium.remote.http.W3CHttpResponseCodec.createException(W3CHttpResponseCodec.java:185)
at org.openqa.selenium.remote.http.W3CHttpResponseCodec.decode(W3CHttpResponseCodec.java:120)
at org.openqa.selenium.remote.http.W3CHttpResponseCodec.decode(W3CHttpResponseCodec.java:49)
at org.openqa.selenium.remote.HttpCommandExecutor.execute(HttpCommandExecutor.java:164)
at org.openqa.selenium.remote.service.DriverCommandExecutor.execute(DriverCommandExecutor.java:82)
at org.openqa.selenium.remote.RemoteWebDriver.execute(RemoteWebDriver.java:646)
at org.openqa.selenium.remote.RemoteWebDriver.findElement(RemoteWebDriver.java:416)
at org.openqa.selenium.remote.RemoteWebDriver.findElementByXPath(RemoteWebDriver.java:518)
at org.openqa.selenium.By$ByXPath.findElement(By.java:361)
at org.openqa.selenium.remote.RemoteWebDriver.findElement(RemoteWebDriver.java:408)
at RunClass.Execution.testcase(Execution.java:43)
at java.base/jdk.internal.reflect.NativeMethodAccessorImpl.invoke0(Native Method)
at java.base/jdk.internal.reflect.NativeMethodAccessorImpl.invoke(NativeMethodAccessorImpl.java:77)
at java.base/jdk.internal.reflect.DelegatingMethodAccessorImpl.invoke(DelegatingMethodAccessorImpl.java:43)
at java.base/java.lang.reflect.Method.invoke(Method.java:568)
at org.testng.internal.MethodInvocationHelper.invokeMethod(MethodInvocationHelper.java:124)
at org.testng.internal.Invoker.invokeMethod(Invoker.java:583)
at org.testng.internal.Invoker.invokeTestMethod(Invoker.java:719)
at org.testng.internal.Invoker.invokeTestMethods(Invoker.java:989)
at org.testng.internal.TestMethodWorker.invokeTestMethods(TestMethodWorker.java:125)
at org.testng.internal.TestMethodWorker.run(TestMethodWorker.java:109)
at org.testng.TestRunner.privateRun(TestRunner.java:648)
at org.testng.TestRunner.run(TestRunner.java:505)
at org.testng.SuiteRunner.runTest(SuiteRunner.java:455)
at org.testng.SuiteRunner.runSequentially(SuiteRunner.java:450)
at org.testng.SuiteRunner.privateRun(SuiteRunner.java:415)
at org.testng.SuiteRunner.run(SuiteRunner.java:364)
at org.testng.SuiteRunnerWorker.runSuite(SuiteRunnerWorker.java:52)
at org.testng.SuiteRunnerWorker.run(SuiteRunnerWorker.java:84)
at org.testng.TestNG.runSuitesSequentially(TestNG.java:1208)
at org.testng.TestNG.runSuitesLocally(TestNG.java:1137)
at org.testng.TestNG.runSuites(TestNG.java:1049)
at org.testng.TestNG.run(TestNG.java:1017)
at org.testng.remote.AbstractRemoteTestNG.run(AbstractRemoteTestNG.java:115)
at org.testng.remote.RemoteTestNG.initAndRun(RemoteTestNG.java:251)
at org.testng.remote.RemoteTestNG.main(RemoteTestNG.java:77)
]]>
    </error>
  </testcase> <!-- testcase -->
  <testcase classname="RunClass.Execution" name="testcase" time="0.034">
    <error message="no such element: Unable to locate element: {&quot;method&quot;:&quot;xpath&quot;,&quot;selector&quot;:&quot;//label[@for=&#039;TWMobile&#039;]&quot;}
  (Session info: chrome=104.0.5112.102)
For documentation on this error, please visit: http://seleniumhq.org/exceptions/no_such_element.html
Build info: version: &#039;3.5.3&#039;, revision: &#039;a88d25fe6b&#039;, time: &#039;2017-08-29T12:42:44.417Z&#039;
System info: host: &#039;DIGITAL-0129&#039;, ip: &#039;172.23.4.254&#039;, os.name: &#039;Windows 10&#039;, os.arch: &#039;amd64&#039;, os.version: &#039;10.0&#039;, java.version: &#039;17.0.3&#039;
Driver info: org.openqa.selenium.chrome.ChromeDriver
Capabilities [{networkConnectionEnabled=false, chrome={chromedriverVersion=104.0.5112.79 (3cf3e8c8a07d104b9e1260c910efb8f383285dc5-refs/branch-heads/5112@{#1307}), userDataDir=C:\Users\v802\AppData\Local\Temp\scoped_dir12904_920044719}, timeouts={implicit=0, pageLoad=300000, script=30000}, pageLoadStrategy=normal, unhandledPromptBehavior=dismiss and notify, strictFileInteractability=false, platform=XP, proxy=Proxy(), goog:chromeOptions={debuggerAddress=localhost:52795}, webauthn:extension:credBlob=true, acceptInsecureCerts=false, browserVersion=104.0.5112.102, browserName=chrome, javascriptEnabled=true, platformName=XP, setWindowRect=true, webauthn:extension:largeBlob=true, webauthn:virtualAuthenticators=true}]
Session ID: eb49bb0bc0724cb71e10035263cb12d6
*** Element info: {Using=xpath, value=//label[@for=&#039;TWMobile&#039;]}" type="org.openqa.selenium.NoSuchElementException">
      <![CDATA[org.openqa.selenium.NoSuchElementException: no such element: Unable to locate element: {"method":"xpath","selector":"//label[@for='TWMobile']"}
  (Session info: chrome=104.0.5112.102)
For documentation on this error, please visit: http://seleniumhq.org/exceptions/no_such_element.html
Build info: version: '3.5.3', revision: 'a88d25fe6b', time: '2017-08-29T12:42:44.417Z'
System info: host: 'DIGITAL-0129', ip: '172.23.4.254', os.name: 'Windows 10', os.arch: 'amd64', os.version: '10.0', java.version: '17.0.3'
Driver info: org.openqa.selenium.chrome.ChromeDriver
Capabilities [{networkConnectionEnabled=false, chrome={chromedriverVersion=104.0.5112.79 (3cf3e8c8a07d104b9e1260c910efb8f383285dc5-refs/branch-heads/5112@{#1307}), userDataDir=C:\Users\v802\AppData\Local\Temp\scoped_dir12904_920044719}, timeouts={implicit=0, pageLoad=300000, script=30000}, pageLoadStrategy=normal, unhandledPromptBehavior=dismiss and notify, strictFileInteractability=false, platform=XP, proxy=Proxy(), goog:chromeOptions={debuggerAddress=localhost:52795}, webauthn:extension:credBlob=true, acceptInsecureCerts=false, browserVersion=104.0.5112.102, browserName=chrome, javascriptEnabled=true, platformName=XP, setWindowRect=true, webauthn:extension:largeBlob=true, webauthn:virtualAuthenticators=true}]
Session ID: eb49bb0bc0724cb71e10035263cb12d6
*** Element info: {Using=xpath, value=//label[@for='TWMobile']}
at java.base/jdk.internal.reflect.NativeConstructorAccessorImpl.newInstance0(Native Method)
at java.base/jdk.internal.reflect.NativeConstructorAccessorImpl.newInstance(NativeConstructorAccessorImpl.java:77)
at java.base/jdk.internal.reflect.DelegatingConstructorAccessorImpl.newInstance(DelegatingConstructorAccessorImpl.java:45)
at java.base/java.lang.reflect.Constructor.newInstanceWithCaller(Constructor.java:499)
at java.base/java.lang.reflect.Constructor.newInstance(Constructor.java:480)
at org.openqa.selenium.remote.http.W3CHttpResponseCodec.createException(W3CHttpResponseCodec.java:185)
at org.openqa.selenium.remote.http.W3CHttpResponseCodec.decode(W3CHttpResponseCodec.java:120)
at org.openqa.selenium.remote.http.W3CHttpResponseCodec.decode(W3CHttpResponseCodec.java:49)
at org.openqa.selenium.remote.HttpCommandExecutor.execute(HttpCommandExecutor.java:164)
at org.openqa.selenium.remote.service.DriverCommandExecutor.execute(DriverCommandExecutor.java:82)
at org.openqa.selenium.remote.RemoteWebDriver.execute(RemoteWebDriver.java:646)
at org.openqa.selenium.remote.RemoteWebDriver.findElement(RemoteWebDriver.java:416)
at org.openqa.selenium.remote.RemoteWebDriver.findElementByXPath(RemoteWebDriver.java:518)
at org.openqa.selenium.By$ByXPath.findElement(By.java:361)
at org.openqa.selenium.remote.RemoteWebDriver.findElement(RemoteWebDriver.java:408)
at RunClass.Execution.testcase(Execution.java:43)
at java.base/jdk.internal.reflect.NativeMethodAccessorImpl.invoke0(Native Method)
at java.base/jdk.internal.reflect.NativeMethodAccessorImpl.invoke(NativeMethodAccessorImpl.java:77)
at java.base/jdk.internal.reflect.DelegatingMethodAccessorImpl.invoke(DelegatingMethodAccessorImpl.java:43)
at java.base/java.lang.reflect.Method.invoke(Method.java:568)
at org.testng.internal.MethodInvocationHelper.invokeMethod(MethodInvocationHelper.java:124)
at org.testng.internal.Invoker.invokeMethod(Invoker.java:583)
at org.testng.internal.Invoker.invokeTestMethod(Invoker.java:719)
at org.testng.internal.Invoker.invokeTestMethods(Invoker.java:989)
at org.testng.internal.TestMethodWorker.invokeTestMethods(TestMethodWorker.java:125)
at org.testng.internal.TestMethodWorker.run(TestMethodWorker.java:109)
at org.testng.TestRunner.privateRun(TestRunner.java:648)
at org.testng.TestRunner.run(TestRunner.java:505)
at org.testng.SuiteRunner.runTest(SuiteRunner.java:455)
at org.testng.SuiteRunner.runSequentially(SuiteRunner.java:450)
at org.testng.SuiteRunner.privateRun(SuiteRunner.java:415)
at org.testng.SuiteRunner.run(SuiteRunner.java:364)
at org.testng.SuiteRunnerWorker.runSuite(SuiteRunnerWorker.java:52)
at org.testng.SuiteRunnerWorker.run(SuiteRunnerWorker.java:84)
at org.testng.TestNG.runSuitesSequentially(TestNG.java:1208)
at org.testng.TestNG.runSuitesLocally(TestNG.java:1137)
at org.testng.TestNG.runSuites(TestNG.java:1049)
at org.testng.TestNG.run(TestNG.java:1017)
at org.testng.remote.AbstractRemoteTestNG.run(AbstractRemoteTestNG.java:115)
at org.testng.remote.RemoteTestNG.initAndRun(RemoteTestNG.java:251)
at org.testng.remote.RemoteTestNG.main(RemoteTestNG.java:77)
]]>
    </error>
  </testcase> <!-- testcase -->
  <testcase classname="RunClass.Execution" name="testcase" time="0.060">
    <error message="no such element: Unable to locate element: {&quot;method&quot;:&quot;xpath&quot;,&quot;selector&quot;:&quot;//label[@for=&#039;TWMobile&#039;]&quot;}
  (Session info: chrome=104.0.5112.102)
For documentation on this error, please visit: http://seleniumhq.org/exceptions/no_such_element.html
Build info: version: &#039;3.5.3&#039;, revision: &#039;a88d25fe6b&#039;, time: &#039;2017-08-29T12:42:44.417Z&#039;
System info: host: &#039;DIGITAL-0129&#039;, ip: &#039;172.23.4.254&#039;, os.name: &#039;Windows 10&#039;, os.arch: &#039;amd64&#039;, os.version: &#039;10.0&#039;, java.version: &#039;17.0.3&#039;
Driver info: org.openqa.selenium.chrome.ChromeDriver
Capabilities [{networkConnectionEnabled=false, chrome={chromedriverVersion=104.0.5112.79 (3cf3e8c8a07d104b9e1260c910efb8f383285dc5-refs/branch-heads/5112@{#1307}), userDataDir=C:\Users\v802\AppData\Local\Temp\scoped_dir12904_920044719}, timeouts={implicit=0, pageLoad=300000, script=30000}, pageLoadStrategy=normal, unhandledPromptBehavior=dismiss and notify, strictFileInteractability=false, platform=XP, proxy=Proxy(), goog:chromeOptions={debuggerAddress=localhost:52795}, webauthn:extension:credBlob=true, acceptInsecureCerts=false, browserVersion=104.0.5112.102, browserName=chrome, javascriptEnabled=true, platformName=XP, setWindowRect=true, webauthn:extension:largeBlob=true, webauthn:virtualAuthenticators=true}]
Session ID: eb49bb0bc0724cb71e10035263cb12d6
*** Element info: {Using=xpath, value=//label[@for=&#039;TWMobile&#039;]}" type="org.openqa.selenium.NoSuchElementException">
      <![CDATA[org.openqa.selenium.NoSuchElementException: no such element: Unable to locate element: {"method":"xpath","selector":"//label[@for='TWMobile']"}
  (Session info: chrome=104.0.5112.102)
For documentation on this error, please visit: http://seleniumhq.org/exceptions/no_such_element.html
Build info: version: '3.5.3', revision: 'a88d25fe6b', time: '2017-08-29T12:42:44.417Z'
System info: host: 'DIGITAL-0129', ip: '172.23.4.254', os.name: 'Windows 10', os.arch: 'amd64', os.version: '10.0', java.version: '17.0.3'
Driver info: org.openqa.selenium.chrome.ChromeDriver
Capabilities [{networkConnectionEnabled=false, chrome={chromedriverVersion=104.0.5112.79 (3cf3e8c8a07d104b9e1260c910efb8f383285dc5-refs/branch-heads/5112@{#1307}), userDataDir=C:\Users\v802\AppData\Local\Temp\scoped_dir12904_920044719}, timeouts={implicit=0, pageLoad=300000, script=30000}, pageLoadStrategy=normal, unhandledPromptBehavior=dismiss and notify, strictFileInteractability=false, platform=XP, proxy=Proxy(), goog:chromeOptions={debuggerAddress=localhost:52795}, webauthn:extension:credBlob=true, acceptInsecureCerts=false, browserVersion=104.0.5112.102, browserName=chrome, javascriptEnabled=true, platformName=XP, setWindowRect=true, webauthn:extension:largeBlob=true, webauthn:virtualAuthenticators=true}]
Session ID: eb49bb0bc0724cb71e10035263cb12d6
*** Element info: {Using=xpath, value=//label[@for='TWMobile']}
at java.base/jdk.internal.reflect.NativeConstructorAccessorImpl.newInstance0(Native Method)
at java.base/jdk.internal.reflect.NativeConstructorAccessorImpl.newInstance(NativeConstructorAccessorImpl.java:77)
at java.base/jdk.internal.reflect.DelegatingConstructorAccessorImpl.newInstance(DelegatingConstructorAccessorImpl.java:45)
at java.base/java.lang.reflect.Constructor.newInstanceWithCaller(Constructor.java:499)
at java.base/java.lang.reflect.Constructor.newInstance(Constructor.java:480)
at org.openqa.selenium.remote.http.W3CHttpResponseCodec.createException(W3CHttpResponseCodec.java:185)
at org.openqa.selenium.remote.http.W3CHttpResponseCodec.decode(W3CHttpResponseCodec.java:120)
at org.openqa.selenium.remote.http.W3CHttpResponseCodec.decode(W3CHttpResponseCodec.java:49)
at org.openqa.selenium.remote.HttpCommandExecutor.execute(HttpCommandExecutor.java:164)
at org.openqa.selenium.remote.service.DriverCommandExecutor.execute(DriverCommandExecutor.java:82)
at org.openqa.selenium.remote.RemoteWebDriver.execute(RemoteWebDriver.java:646)
at org.openqa.selenium.remote.RemoteWebDriver.findElement(RemoteWebDriver.java:416)
at org.openqa.selenium.remote.RemoteWebDriver.findElementByXPath(RemoteWebDriver.java:518)
at org.openqa.selenium.By$ByXPath.findElement(By.java:361)
at org.openqa.selenium.remote.RemoteWebDriver.findElement(RemoteWebDriver.java:408)
at RunClass.Execution.testcase(Execution.java:43)
at java.base/jdk.internal.reflect.NativeMethodAccessorImpl.invoke0(Native Method)
at java.base/jdk.internal.reflect.NativeMethodAccessorImpl.invoke(NativeMethodAccessorImpl.java:77)
at java.base/jdk.internal.reflect.DelegatingMethodAccessorImpl.invoke(DelegatingMethodAccessorImpl.java:43)
at java.base/java.lang.reflect.Method.invoke(Method.java:568)
at org.testng.internal.MethodInvocationHelper.invokeMethod(MethodInvocationHelper.java:124)
at org.testng.internal.Invoker.invokeMethod(Invoker.java:583)
at org.testng.internal.Invoker.invokeTestMethod(Invoker.java:719)
at org.testng.internal.Invoker.invokeTestMethods(Invoker.java:989)
at org.testng.internal.TestMethodWorker.invokeTestMethods(TestMethodWorker.java:125)
at org.testng.internal.TestMethodWorker.run(TestMethodWorker.java:109)
at org.testng.TestRunner.privateRun(TestRunner.java:648)
at org.testng.TestRunner.run(TestRunner.java:505)
at org.testng.SuiteRunner.runTest(SuiteRunner.java:455)
at org.testng.SuiteRunner.runSequentially(SuiteRunner.java:450)
at org.testng.SuiteRunner.privateRun(SuiteRunner.java:415)
at org.testng.SuiteRunner.run(SuiteRunner.java:364)
at org.testng.SuiteRunnerWorker.runSuite(SuiteRunnerWorker.java:52)
at org.testng.SuiteRunnerWorker.run(SuiteRunnerWorker.java:84)
at org.testng.TestNG.runSuitesSequentially(TestNG.java:1208)
at org.testng.TestNG.runSuitesLocally(TestNG.java:1137)
at org.testng.TestNG.runSuites(TestNG.java:1049)
at org.testng.TestNG.run(TestNG.java:1017)
at org.testng.remote.AbstractRemoteTestNG.run(AbstractRemoteTestNG.java:115)
at org.testng.remote.RemoteTestNG.initAndRun(RemoteTestNG.java:251)
at org.testng.remote.RemoteTestNG.main(RemoteTestNG.java:77)
]]>
    </error>
  </testcase> <!-- testcase -->
</testsuite> <!-- RunClass.Execution -->
